25-May-2021 05:47:54.184 INFO [main] org.apache.catalina.startup.VersionLoggerListener.log Server version name:   Apache Tomcat/9.0.45
25-May-2021 05:47:54.190 INFO [main] org.apache.catalina.startup.VersionLoggerListener.log Server built:          Mar 30 2021 10:29:04 UTC
25-May-2021 05:47:54.190 INFO [main] org.apache.catalina.startup.VersionLoggerListener.log Server version number: 9.0.45.0
25-May-2021 05:47:54.190 INFO [main] org.apache.catalina.startup.VersionLoggerListener.log OS Name:               Mac OS X
25-May-2021 05:47:54.190 INFO [main] org.apache.catalina.startup.VersionLoggerListener.log OS Version:            10.14.6
25-May-2021 05:47:54.191 INFO [main] org.apache.catalina.startup.VersionLoggerListener.log Architecture:          x86_64
25-May-2021 05:47:54.191 INFO [main] org.apache.catalina.startup.VersionLoggerListener.log Java Home:             /Library/Java/JavaVirtualMachines/adoptopenjdk-15.jdk/Contents/Home
25-May-2021 05:47:54.191 INFO [main] org.apache.catalina.startup.VersionLoggerListener.log JVM Version:           15.0.2+7
25-May-2021 05:47:54.192 INFO [main] org.apache.catalina.startup.VersionLoggerListener.log JVM Vendor:            AdoptOpenJDK
25-May-2021 05:47:54.192 INFO [main] org.apache.catalina.startup.VersionLoggerListener.log CATALINA_BASE:         /Users/chau/workplace/Journal_WebPage/tomcat
25-May-2021 05:47:54.192 INFO [main] org.apache.catalina.startup.VersionLoggerListener.log CATALINA_HOME:         /Users/chau/workplace/Journal_WebPage/tomcat
25-May-2021 05:47:54.239 INFO [main] org.apache.catalina.startup.VersionLoggerListener.log Command line argument: --add-opens=java.base/java.lang=ALL-UNNAMED
25-May-2021 05:47:54.239 INFO [main] org.apache.catalina.startup.VersionLoggerListener.log Command line argument: --add-opens=java.base/java.io=ALL-UNNAMED
25-May-2021 05:47:54.239 INFO [main] org.apache.catalina.startup.VersionLoggerListener.log Command line argument: --add-opens=java.base/java.util=ALL-UNNAMED
25-May-2021 05:47:54.239 INFO [main] org.apache.catalina.startup.VersionLoggerListener.log Command line argument: --add-opens=java.base/java.util.concurrent=ALL-UNNAMED
25-May-2021 05:47:54.240 INFO [main] org.apache.catalina.startup.VersionLoggerListener.log Command line argument: --add-opens=java.rmi/sun.rmi.transport=ALL-UNNAMED
25-May-2021 05:47:54.240 INFO [main] org.apache.catalina.startup.VersionLoggerListener.log Command line argument: -Djava.util.logging.config.file=/Users/chau/workplace/Journal_WebPage/tomcat/conf/logging.properties
25-May-2021 05:47:54.240 INFO [main] org.apache.catalina.startup.VersionLoggerListener.log Command line argument: -Djava.util.logging.manager=org.apache.juli.ClassLoaderLogManager
25-May-2021 05:47:54.240 INFO [main] org.apache.catalina.startup.VersionLoggerListener.log Command line argument: -Djdk.tls.ephemeralDHKeySize=2048
25-May-2021 05:47:54.240 INFO [main] org.apache.catalina.startup.VersionLoggerListener.log Command line argument: -Djava.protocol.handler.pkgs=org.apache.catalina.webresources
25-May-2021 05:47:54.240 INFO [main] org.apache.catalina.startup.VersionLoggerListener.log Command line argument: -Dorg.apache.catalina.security.SecurityListener.UMASK=0027
25-May-2021 05:47:54.240 INFO [main] org.apache.catalina.startup.VersionLoggerListener.log Command line argument: -Dignore.endorsed.dirs=
25-May-2021 05:47:54.241 INFO [main] org.apache.catalina.startup.VersionLoggerListener.log Command line argument: -Dcatalina.base=/Users/chau/workplace/Journal_WebPage/tomcat
25-May-2021 05:47:54.241 INFO [main] org.apache.catalina.startup.VersionLoggerListener.log Command line argument: -Dcatalina.home=/Users/chau/workplace/Journal_WebPage/tomcat
25-May-2021 05:47:54.241 INFO [main] org.apache.catalina.startup.VersionLoggerListener.log Command line argument: -Djava.io.tmpdir=/Users/chau/workplace/Journal_WebPage/tomcat/temp
25-May-2021 05:47:54.246 INFO [main] org.apache.catalina.core.AprLifecycleListener.lifecycleEvent The Apache Tomcat Native library which allows using OpenSSL was not found on the java.library.path: [/Users/chau/Library/Java/Extensions:/Library/Java/Extensions:/Network/Library/Java/Extensions:/System/Library/Java/Extensions:/usr/lib/java:.]
25-May-2021 05:47:54.656 INFO [main] org.apache.coyote.AbstractProtocol.init Initializing ProtocolHandler ["http-nio-9091"]
25-May-2021 05:47:54.707 INFO [main] org.apache.catalina.startup.Catalina.load Server initialization in [896] milliseconds
25-May-2021 05:47:54.759 INFO [main] org.apache.catalina.core.StandardService.startInternal Starting service [Catalina]
25-May-2021 05:47:54.759 INFO [main] org.apache.catalina.core.StandardEngine.startInternal Starting Servlet engine: [Apache Tomcat/9.0.45]
25-May-2021 05:47:54.773 INFO [main] org.apache.catalina.startup.HostConfig.deployDirectory Deploying web application directory [/Users/chau/workplace/Journal_WebPage/tomcat/webapps/FinalProject]
25-May-2021 05:47:55.243 INFO [main] org.apache.catalina.startup.HostConfig.deployDirectory Deployment of web application directory [/Users/chau/workplace/Journal_WebPage/tomcat/webapps/FinalProject] has finished in [469] ms
25-May-2021 05:47:55.243 INFO [main] org.apache.catalina.startup.HostConfig.deployDirectory Deploying web application directory [/Users/chau/workplace/Journal_WebPage/tomcat/webapps/docs]
25-May-2021 05:47:55.270 INFO [main] org.apache.catalina.startup.HostConfig.deployDirectory Deployment of web application directory [/Users/chau/workplace/Journal_WebPage/tomcat/webapps/docs] has finished in [26] ms
25-May-2021 05:47:55.270 INFO [main] org.apache.catalina.startup.HostConfig.deployDirectory Deploying web application directory [/Users/chau/workplace/Journal_WebPage/tomcat/webapps/manager]
25-May-2021 05:47:55.332 INFO [main] org.apache.catalina.startup.HostConfig.deployDirectory Deployment of web application directory [/Users/chau/workplace/Journal_WebPage/tomcat/webapps/manager] has finished in [61] ms
25-May-2021 05:47:55.332 INFO [main] org.apache.catalina.startup.HostConfig.deployDirectory Deploying web application directory [/Users/chau/workplace/Journal_WebPage/tomcat/webapps/examples]
25-May-2021 05:47:55.728 INFO [main] org.apache.catalina.startup.HostConfig.deployDirectory Deployment of web application directory [/Users/chau/workplace/Journal_WebPage/tomcat/webapps/examples] has finished in [395] ms
25-May-2021 05:47:55.728 INFO [main] org.apache.catalina.startup.HostConfig.deployDirectory Deploying web application directory [/Users/chau/workplace/Journal_WebPage/tomcat/webapps/ROOT]
25-May-2021 05:47:55.751 INFO [main] org.apache.catalina.startup.HostConfig.deployDirectory Deployment of web application directory [/Users/chau/workplace/Journal_WebPage/tomcat/webapps/ROOT] has finished in [22] ms
25-May-2021 05:47:55.751 INFO [main] org.apache.catalina.startup.HostConfig.deployDirectory Deploying web application directory [/Users/chau/workplace/Journal_WebPage/tomcat/webapps/host-manager]
25-May-2021 05:47:55.776 INFO [main] org.apache.catalina.startup.HostConfig.deployDirectory Deployment of web application directory [/Users/chau/workplace/Journal_WebPage/tomcat/webapps/host-manager] has finished in [24] ms
25-May-2021 05:47:55.781 INFO [main] org.apache.coyote.AbstractProtocol.start Starting ProtocolHandler ["http-nio-9091"]
25-May-2021 05:47:55.794 INFO [main] org.apache.catalina.startup.Catalina.start Server startup in [1087] milliseconds
25-May-2021 06:06:42.187 INFO [main] org.apache.catalina.startup.VersionLoggerListener.log Server version name:   Apache Tomcat/9.0.45
25-May-2021 06:06:42.193 INFO [main] org.apache.catalina.startup.VersionLoggerListener.log Server built:          Mar 30 2021 10:29:04 UTC
25-May-2021 06:06:42.193 INFO [main] org.apache.catalina.startup.VersionLoggerListener.log Server version number: 9.0.45.0
25-May-2021 06:06:42.193 INFO [main] org.apache.catalina.startup.VersionLoggerListener.log OS Name:               Mac OS X
25-May-2021 06:06:42.193 INFO [main] org.apache.catalina.startup.VersionLoggerListener.log OS Version:            10.14.6
25-May-2021 06:06:42.194 INFO [main] org.apache.catalina.startup.VersionLoggerListener.log Architecture:          x86_64
25-May-2021 06:06:42.194 INFO [main] org.apache.catalina.startup.VersionLoggerListener.log Java Home:             /Library/Java/JavaVirtualMachines/adoptopenjdk-15.jdk/Contents/Home
25-May-2021 06:06:42.194 INFO [main] org.apache.catalina.startup.VersionLoggerListener.log JVM Version:           15.0.2+7
25-May-2021 06:06:42.194 INFO [main] org.apache.catalina.startup.VersionLoggerListener.log JVM Vendor:            AdoptOpenJDK
25-May-2021 06:06:42.194 INFO [main] org.apache.catalina.startup.VersionLoggerListener.log CATALINA_BASE:         /Users/chau/workplace/Journal_WebPage/tomcat
25-May-2021 06:06:42.195 INFO [main] org.apache.catalina.startup.VersionLoggerListener.log CATALINA_HOME:         /Users/chau/workplace/Journal_WebPage/tomcat
25-May-2021 06:06:42.214 INFO [main] org.apache.catalina.startup.VersionLoggerListener.log Command line argument: --add-opens=java.base/java.lang=ALL-UNNAMED
25-May-2021 06:06:42.214 INFO [main] org.apache.catalina.startup.VersionLoggerListener.log Command line argument: --add-opens=java.base/java.io=ALL-UNNAMED
25-May-2021 06:06:42.215 INFO [main] org.apache.catalina.startup.VersionLoggerListener.log Command line argument: --add-opens=java.base/java.util=ALL-UNNAMED
25-May-2021 06:06:42.215 INFO [main] org.apache.catalina.startup.VersionLoggerListener.log Command line argument: --add-opens=java.base/java.util.concurrent=ALL-UNNAMED
25-May-2021 06:06:42.215 INFO [main] org.apache.catalina.startup.VersionLoggerListener.log Command line argument: --add-opens=java.rmi/sun.rmi.transport=ALL-UNNAMED
25-May-2021 06:06:42.215 INFO [main] org.apache.catalina.startup.VersionLoggerListener.log Command line argument: -Djava.util.logging.config.file=/Users/chau/workplace/Journal_WebPage/tomcat/conf/logging.properties
25-May-2021 06:06:42.215 INFO [main] org.apache.catalina.startup.VersionLoggerListener.log Command line argument: -Djava.util.logging.manager=org.apache.juli.ClassLoaderLogManager
25-May-2021 06:06:42.215 INFO [main] org.apache.catalina.startup.VersionLoggerListener.log Command line argument: -Djdk.tls.ephemeralDHKeySize=2048
25-May-2021 06:06:42.216 INFO [main] org.apache.catalina.startup.VersionLoggerListener.log Command line argument: -Djava.protocol.handler.pkgs=org.apache.catalina.webresources
25-May-2021 06:06:42.216 INFO [main] org.apache.catalina.startup.VersionLoggerListener.log Command line argument: -Dorg.apache.catalina.security.SecurityListener.UMASK=0027
25-May-2021 06:06:42.216 INFO [main] org.apache.catalina.startup.VersionLoggerListener.log Command line argument: -Dignore.endorsed.dirs=
25-May-2021 06:06:42.216 INFO [main] org.apache.catalina.startup.VersionLoggerListener.log Command line argument: -Dcatalina.base=/Users/chau/workplace/Journal_WebPage/tomcat
25-May-2021 06:06:42.216 INFO [main] org.apache.catalina.startup.VersionLoggerListener.log Command line argument: -Dcatalina.home=/Users/chau/workplace/Journal_WebPage/tomcat
25-May-2021 06:06:42.216 INFO [main] org.apache.catalina.startup.VersionLoggerListener.log Command line argument: -Djava.io.tmpdir=/Users/chau/workplace/Journal_WebPage/tomcat/temp
25-May-2021 06:06:42.219 INFO [main] org.apache.catalina.core.AprLifecycleListener.lifecycleEvent The Apache Tomcat Native library which allows using OpenSSL was not found on the java.library.path: [/Users/chau/Library/Java/Extensions:/Library/Java/Extensions:/Network/Library/Java/Extensions:/System/Library/Java/Extensions:/usr/lib/java:.]
25-May-2021 06:06:42.638 INFO [main] org.apache.coyote.AbstractProtocol.init Initializing ProtocolHandler ["http-nio-9091"]
25-May-2021 06:06:42.685 SEVERE [main] org.apache.catalina.util.LifecycleBase.handleSubClassException Failed to initialize component [Connector[HTTP/1.1-9091]]
	org.apache.catalina.LifecycleException: Protocol handler initialization failed
		at org.apache.catalina.connector.Connector.initInternal(Connector.java:1048)
		at org.apache.catalina.util.LifecycleBase.init(LifecycleBase.java:136)
		at org.apache.catalina.core.StandardService.initInternal(StandardService.java:556)
		at org.apache.catalina.util.LifecycleBase.init(LifecycleBase.java:136)
		at org.apache.catalina.core.StandardServer.initInternal(StandardServer.java:1045)
		at org.apache.catalina.util.LifecycleBase.init(LifecycleBase.java:136)
		at org.apache.catalina.startup.Catalina.load(Catalina.java:724)
		at org.apache.catalina.startup.Catalina.load(Catalina.java:746)
		at java.base/jdk.internal.reflect.NativeMethodAccessorImpl.invoke0(Native Method)
		at java.base/jdk.internal.reflect.NativeMethodAccessorImpl.invoke(NativeMethodAccessorImpl.java:64)
		at java.base/jdk.internal.reflect.DelegatingMethodAccessorImpl.invoke(DelegatingMethodAccessorImpl.java:43)
		at java.base/java.lang.reflect.Method.invoke(Method.java:564)
		at org.apache.catalina.startup.Bootstrap.load(Bootstrap.java:302)
		at org.apache.catalina.startup.Bootstrap.main(Bootstrap.java:472)
	Caused by: java.net.BindException: Address already in use
		at java.base/sun.nio.ch.Net.bind0(Native Method)
		at java.base/sun.nio.ch.Net.bind(Net.java:550)
		at java.base/sun.nio.ch.ServerSocketChannelImpl.bind(ServerSocketChannelImpl.java:249)
		at org.apache.tomcat.util.net.NioEndpoint.initServerSocket(NioEndpoint.java:300)
		at org.apache.tomcat.util.net.NioEndpoint.bind(NioEndpoint.java:253)
		at org.apache.tomcat.util.net.AbstractEndpoint.bindWithCleanup(AbstractEndpoint.java:1204)
		at org.apache.tomcat.util.net.AbstractEndpoint.init(AbstractEndpoint.java:1217)
		at org.apache.coyote.AbstractProtocol.init(AbstractProtocol.java:603)
		at org.apache.coyote.http11.AbstractHttp11Protocol.init(AbstractHttp11Protocol.java:80)
		at org.apache.catalina.connector.Connector.initInternal(Connector.java:1045)
		... 13 more
25-May-2021 06:06:42.686 INFO [main] org.apache.catalina.startup.Catalina.load Server initialization in [809] milliseconds
25-May-2021 06:06:42.767 INFO [main] org.apache.catalina.core.StandardService.startInternal Starting service [Catalina]
25-May-2021 06:06:42.768 INFO [main] org.apache.catalina.core.StandardEngine.startInternal Starting Servlet engine: [Apache Tomcat/9.0.45]
25-May-2021 06:06:42.784 INFO [main] org.apache.catalina.startup.HostConfig.deployDirectory Deploying web application directory [/Users/chau/workplace/Journal_WebPage/tomcat/webapps/FinalProject]
25-May-2021 06:06:43.193 INFO [main] org.apache.catalina.startup.HostConfig.deployDirectory Deployment of web application directory [/Users/chau/workplace/Journal_WebPage/tomcat/webapps/FinalProject] has finished in [411] ms
25-May-2021 06:06:43.194 INFO [main] org.apache.catalina.startup.HostConfig.deployDirectory Deploying web application directory [/Users/chau/workplace/Journal_WebPage/tomcat/webapps/docs]
25-May-2021 06:06:43.224 INFO [main] org.apache.catalina.startup.HostConfig.deployDirectory Deployment of web application directory [/Users/chau/workplace/Journal_WebPage/tomcat/webapps/docs] has finished in [30] ms
25-May-2021 06:06:43.224 INFO [main] org.apache.catalina.startup.HostConfig.deployDirectory Deploying web application directory [/Users/chau/workplace/Journal_WebPage/tomcat/webapps/manager]
25-May-2021 06:06:43.282 INFO [main] org.apache.catalina.startup.HostConfig.deployDirectory Deployment of web application directory [/Users/chau/workplace/Journal_WebPage/tomcat/webapps/manager] has finished in [58] ms
25-May-2021 06:06:43.283 INFO [main] org.apache.catalina.startup.HostConfig.deployDirectory Deploying web application directory [/Users/chau/workplace/Journal_WebPage/tomcat/webapps/examples]
25-May-2021 06:06:43.705 INFO [main] org.apache.catalina.startup.HostConfig.deployDirectory Deployment of web application directory [/Users/chau/workplace/Journal_WebPage/tomcat/webapps/examples] has finished in [422] ms
25-May-2021 06:06:43.706 INFO [main] org.apache.catalina.startup.HostConfig.deployDirectory Deploying web application directory [/Users/chau/workplace/Journal_WebPage/tomcat/webapps/ROOT]
25-May-2021 06:06:43.728 INFO [main] org.apache.catalina.startup.HostConfig.deployDirectory Deployment of web application directory [/Users/chau/workplace/Journal_WebPage/tomcat/webapps/ROOT] has finished in [22] ms
25-May-2021 06:06:43.728 INFO [main] org.apache.catalina.startup.HostConfig.deployDirectory Deploying web application directory [/Users/chau/workplace/Journal_WebPage/tomcat/webapps/host-manager]
25-May-2021 06:06:43.752 INFO [main] org.apache.catalina.startup.HostConfig.deployDirectory Deployment of web application directory [/Users/chau/workplace/Journal_WebPage/tomcat/webapps/host-manager] has finished in [23] ms
25-May-2021 06:06:43.756 INFO [main] org.apache.catalina.startup.Catalina.start Server startup in [1068] milliseconds
25-May-2021 06:06:43.762 SEVERE [main] org.apache.catalina.core.StandardServer.await Failed to create server shutdown socket on address [localhost] and port [8005] (base port [8005] and offset [0])
	java.net.BindException: Address already in use
		at java.base/sun.nio.ch.Net.bind0(Native Method)
		at java.base/sun.nio.ch.Net.bind(Net.java:550)
		at java.base/sun.nio.ch.Net.bind(Net.java:539)
		at java.base/sun.nio.ch.NioSocketImpl.bind(NioSocketImpl.java:643)
		at java.base/java.net.ServerSocket.bind(ServerSocket.java:396)
		at java.base/java.net.ServerSocket.<init>(ServerSocket.java:282)
		at org.apache.catalina.core.StandardServer.await(StandardServer.java:584)
		at org.apache.catalina.startup.Catalina.await(Catalina.java:864)
		at org.apache.catalina.startup.Catalina.start(Catalina.java:810)
		at java.base/jdk.internal.reflect.NativeMethodAccessorImpl.invoke0(Native Method)
		at java.base/jdk.internal.reflect.NativeMethodAccessorImpl.invoke(NativeMethodAccessorImpl.java:64)
		at java.base/jdk.internal.reflect.DelegatingMethodAccessorImpl.invoke(DelegatingMethodAccessorImpl.java:43)
		at java.base/java.lang.reflect.Method.invoke(Method.java:564)
		at org.apache.catalina.startup.Bootstrap.start(Bootstrap.java:342)
		at org.apache.catalina.startup.Bootstrap.main(Bootstrap.java:473)
25-May-2021 06:06:43.762 INFO [main] org.apache.coyote.AbstractProtocol.pause Pausing ProtocolHandler ["http-nio-9091"]
25-May-2021 06:06:43.762 INFO [main] org.apache.catalina.core.StandardService.stopInternal Stopping service [Catalina]
25-May-2021 06:06:43.788 INFO [main] org.apache.coyote.AbstractProtocol.stop Stopping ProtocolHandler ["http-nio-9091"]
25-May-2021 06:06:43.790 INFO [main] org.apache.coyote.AbstractProtocol.destroy Destroying ProtocolHandler ["http-nio-9091"]
25-May-2021 06:08:58.775 INFO [main] org.apache.catalina.core.StandardServer.await A valid shutdown command was received via the shutdown port. Stopping the Server instance.
25-May-2021 06:08:58.779 INFO [main] org.apache.coyote.AbstractProtocol.pause Pausing ProtocolHandler ["http-nio-9091"]
25-May-2021 06:08:58.785 INFO [main] org.apache.catalina.core.StandardService.stopInternal Stopping service [Catalina]
25-May-2021 06:08:58.839 INFO [main] org.apache.coyote.AbstractProtocol.stop Stopping ProtocolHandler ["http-nio-9091"]
25-May-2021 06:08:58.898 INFO [main] org.apache.coyote.AbstractProtocol.destroy Destroying ProtocolHandler ["http-nio-9091"]
25-May-2021 06:09:27.778 INFO [main] org.apache.catalina.startup.VersionLoggerListener.log Server version name:   Apache Tomcat/9.0.45
25-May-2021 06:09:27.784 INFO [main] org.apache.catalina.startup.VersionLoggerListener.log Server built:          Mar 30 2021 10:29:04 UTC
25-May-2021 06:09:27.784 INFO [main] org.apache.catalina.startup.VersionLoggerListener.log Server version number: 9.0.45.0
25-May-2021 06:09:27.784 INFO [main] org.apache.catalina.startup.VersionLoggerListener.log OS Name:               Mac OS X
25-May-2021 06:09:27.785 INFO [main] org.apache.catalina.startup.VersionLoggerListener.log OS Version:            10.14.6
25-May-2021 06:09:27.785 INFO [main] org.apache.catalina.startup.VersionLoggerListener.log Architecture:          x86_64
25-May-2021 06:09:27.786 INFO [main] org.apache.catalina.startup.VersionLoggerListener.log Java Home:             /Library/Java/JavaVirtualMachines/adoptopenjdk-15.jdk/Contents/Home
25-May-2021 06:09:27.786 INFO [main] org.apache.catalina.startup.VersionLoggerListener.log JVM Version:           15.0.2+7
25-May-2021 06:09:27.786 INFO [main] org.apache.catalina.startup.VersionLoggerListener.log JVM Vendor:            AdoptOpenJDK
25-May-2021 06:09:27.786 INFO [main] org.apache.catalina.startup.VersionLoggerListener.log CATALINA_BASE:         /Users/chau/workplace/Journal_WebPage/tomcat
25-May-2021 06:09:27.787 INFO [main] org.apache.catalina.startup.VersionLoggerListener.log CATALINA_HOME:         /Users/chau/workplace/Journal_WebPage/tomcat
25-May-2021 06:09:27.810 INFO [main] org.apache.catalina.startup.VersionLoggerListener.log Command line argument: --add-opens=java.base/java.lang=ALL-UNNAMED
25-May-2021 06:09:27.810 INFO [main] org.apache.catalina.startup.VersionLoggerListener.log Command line argument: --add-opens=java.base/java.io=ALL-UNNAMED
25-May-2021 06:09:27.810 INFO [main] org.apache.catalina.startup.VersionLoggerListener.log Command line argument: --add-opens=java.base/java.util=ALL-UNNAMED
25-May-2021 06:09:27.811 INFO [main] org.apache.catalina.startup.VersionLoggerListener.log Command line argument: --add-opens=java.base/java.util.concurrent=ALL-UNNAMED
25-May-2021 06:09:27.811 INFO [main] org.apache.catalina.startup.VersionLoggerListener.log Command line argument: --add-opens=java.rmi/sun.rmi.transport=ALL-UNNAMED
25-May-2021 06:09:27.811 INFO [main] org.apache.catalina.startup.VersionLoggerListener.log Command line argument: -Djava.util.logging.config.file=/Users/chau/workplace/Journal_WebPage/tomcat/conf/logging.properties
25-May-2021 06:09:27.811 INFO [main] org.apache.catalina.startup.VersionLoggerListener.log Command line argument: -Djava.util.logging.manager=org.apache.juli.ClassLoaderLogManager
25-May-2021 06:09:27.811 INFO [main] org.apache.catalina.startup.VersionLoggerListener.log Command line argument: -Djdk.tls.ephemeralDHKeySize=2048
25-May-2021 06:09:27.811 INFO [main] org.apache.catalina.startup.VersionLoggerListener.log Command line argument: -Djava.protocol.handler.pkgs=org.apache.catalina.webresources
25-May-2021 06:09:27.812 INFO [main] org.apache.catalina.startup.VersionLoggerListener.log Command line argument: -Dorg.apache.catalina.security.SecurityListener.UMASK=0027
25-May-2021 06:09:27.812 INFO [main] org.apache.catalina.startup.VersionLoggerListener.log Command line argument: -Dignore.endorsed.dirs=
25-May-2021 06:09:27.812 INFO [main] org.apache.catalina.startup.VersionLoggerListener.log Command line argument: -Dcatalina.base=/Users/chau/workplace/Journal_WebPage/tomcat
25-May-2021 06:09:27.812 INFO [main] org.apache.catalina.startup.VersionLoggerListener.log Command line argument: -Dcatalina.home=/Users/chau/workplace/Journal_WebPage/tomcat
25-May-2021 06:09:27.812 INFO [main] org.apache.catalina.startup.VersionLoggerListener.log Command line argument: -Djava.io.tmpdir=/Users/chau/workplace/Journal_WebPage/tomcat/temp
25-May-2021 06:09:27.815 INFO [main] org.apache.catalina.core.AprLifecycleListener.lifecycleEvent The Apache Tomcat Native library which allows using OpenSSL was not found on the java.library.path: [/Users/chau/Library/Java/Extensions:/Library/Java/Extensions:/Network/Library/Java/Extensions:/System/Library/Java/Extensions:/usr/lib/java:.]
25-May-2021 06:09:28.287 INFO [main] org.apache.coyote.AbstractProtocol.init Initializing ProtocolHandler ["http-nio-9091"]
25-May-2021 06:09:28.350 INFO [main] org.apache.catalina.startup.Catalina.load Server initialization in [879] milliseconds
25-May-2021 06:09:28.413 INFO [main] org.apache.catalina.core.StandardService.startInternal Starting service [Catalina]
25-May-2021 06:09:28.414 INFO [main] org.apache.catalina.core.StandardEngine.startInternal Starting Servlet engine: [Apache Tomcat/9.0.45]
25-May-2021 06:09:28.426 INFO [main] org.apache.catalina.startup.HostConfig.deployDirectory Deploying web application directory [/Users/chau/workplace/Journal_WebPage/tomcat/webapps/FinalProject]
25-May-2021 06:09:28.876 INFO [main] org.apache.catalina.startup.HostConfig.deployDirectory Deployment of web application directory [/Users/chau/workplace/Journal_WebPage/tomcat/webapps/FinalProject] has finished in [449] ms
25-May-2021 06:09:28.876 INFO [main] org.apache.catalina.startup.HostConfig.deployDirectory Deploying web application directory [/Users/chau/workplace/Journal_WebPage/tomcat/webapps/docs]
25-May-2021 06:09:28.910 INFO [main] org.apache.catalina.startup.HostConfig.deployDirectory Deployment of web application directory [/Users/chau/workplace/Journal_WebPage/tomcat/webapps/docs] has finished in [34] ms
25-May-2021 06:09:28.910 INFO [main] org.apache.catalina.startup.HostConfig.deployDirectory Deploying web application directory [/Users/chau/workplace/Journal_WebPage/tomcat/webapps/manager]
25-May-2021 06:09:28.982 INFO [main] org.apache.catalina.startup.HostConfig.deployDirectory Deployment of web application directory [/Users/chau/workplace/Journal_WebPage/tomcat/webapps/manager] has finished in [72] ms
25-May-2021 06:09:28.983 INFO [main] org.apache.catalina.startup.HostConfig.deployDirectory Deploying web application directory [/Users/chau/workplace/Journal_WebPage/tomcat/webapps/examples]
25-May-2021 06:09:29.479 INFO [main] org.apache.catalina.startup.HostConfig.deployDirectory Deployment of web application directory [/Users/chau/workplace/Journal_WebPage/tomcat/webapps/examples] has finished in [496] ms
25-May-2021 06:09:29.479 INFO [main] org.apache.catalina.startup.HostConfig.deployDirectory Deploying web application directory [/Users/chau/workplace/Journal_WebPage/tomcat/webapps/ROOT]
25-May-2021 06:09:29.506 INFO [main] org.apache.catalina.startup.HostConfig.deployDirectory Deployment of web application directory [/Users/chau/workplace/Journal_WebPage/tomcat/webapps/ROOT] has finished in [27] ms
25-May-2021 06:09:29.506 INFO [main] org.apache.catalina.startup.HostConfig.deployDirectory Deploying web application directory [/Users/chau/workplace/Journal_WebPage/tomcat/webapps/host-manager]
25-May-2021 06:09:29.538 INFO [main] org.apache.catalina.startup.HostConfig.deployDirectory Deployment of web application directory [/Users/chau/workplace/Journal_WebPage/tomcat/webapps/host-manager] has finished in [32] ms
25-May-2021 06:09:29.543 INFO [main] org.apache.coyote.AbstractProtocol.start Starting ProtocolHandler ["http-nio-9091"]
25-May-2021 06:09:29.554 INFO [main] org.apache.catalina.startup.Catalina.start Server startup in [1203] milliseconds
25-May-2021 06:13:15.687 INFO [main] org.apache.catalina.core.StandardServer.await A valid shutdown command was received via the shutdown port. Stopping the Server instance.
25-May-2021 06:13:15.689 INFO [main] org.apache.coyote.AbstractProtocol.pause Pausing ProtocolHandler ["http-nio-9091"]
25-May-2021 06:13:15.694 INFO [main] org.apache.catalina.core.StandardService.stopInternal Stopping service [Catalina]
25-May-2021 06:13:15.729 INFO [main] org.apache.coyote.AbstractProtocol.stop Stopping ProtocolHandler ["http-nio-9091"]
25-May-2021 06:13:15.751 INFO [main] org.apache.coyote.AbstractProtocol.destroy Destroying ProtocolHandler ["http-nio-9091"]
25-May-2021 06:13:18.169 INFO [main] org.apache.catalina.startup.VersionLoggerListener.log Server version name:   Apache Tomcat/9.0.45
25-May-2021 06:13:18.174 INFO [main] org.apache.catalina.startup.VersionLoggerListener.log Server built:          Mar 30 2021 10:29:04 UTC
25-May-2021 06:13:18.174 INFO [main] org.apache.catalina.startup.VersionLoggerListener.log Server version number: 9.0.45.0
25-May-2021 06:13:18.174 INFO [main] org.apache.catalina.startup.VersionLoggerListener.log OS Name:               Mac OS X
25-May-2021 06:13:18.174 INFO [main] org.apache.catalina.startup.VersionLoggerListener.log OS Version:            10.14.6
25-May-2021 06:13:18.175 INFO [main] org.apache.catalina.startup.VersionLoggerListener.log Architecture:          x86_64
25-May-2021 06:13:18.175 INFO [main] org.apache.catalina.startup.VersionLoggerListener.log Java Home:             /Library/Java/JavaVirtualMachines/adoptopenjdk-15.jdk/Contents/Home
25-May-2021 06:13:18.175 INFO [main] org.apache.catalina.startup.VersionLoggerListener.log JVM Version:           15.0.2+7
25-May-2021 06:13:18.176 INFO [main] org.apache.catalina.startup.VersionLoggerListener.log JVM Vendor:            AdoptOpenJDK
25-May-2021 06:13:18.176 INFO [main] org.apache.catalina.startup.VersionLoggerListener.log CATALINA_BASE:         /Users/chau/workplace/Journal_WebPage/tomcat
25-May-2021 06:13:18.176 INFO [main] org.apache.catalina.startup.VersionLoggerListener.log CATALINA_HOME:         /Users/chau/workplace/Journal_WebPage/tomcat
25-May-2021 06:13:18.199 INFO [main] org.apache.catalina.startup.VersionLoggerListener.log Command line argument: --add-opens=java.base/java.lang=ALL-UNNAMED
25-May-2021 06:13:18.200 INFO [main] org.apache.catalina.startup.VersionLoggerListener.log Command line argument: --add-opens=java.base/java.io=ALL-UNNAMED
25-May-2021 06:13:18.200 INFO [main] org.apache.catalina.startup.VersionLoggerListener.log Command line argument: --add-opens=java.base/java.util=ALL-UNNAMED
25-May-2021 06:13:18.200 INFO [main] org.apache.catalina.startup.VersionLoggerListener.log Command line argument: --add-opens=java.base/java.util.concurrent=ALL-UNNAMED
25-May-2021 06:13:18.200 INFO [main] org.apache.catalina.startup.VersionLoggerListener.log Command line argument: --add-opens=java.rmi/sun.rmi.transport=ALL-UNNAMED
25-May-2021 06:13:18.200 INFO [main] org.apache.catalina.startup.VersionLoggerListener.log Command line argument: -Djava.util.logging.config.file=/Users/chau/workplace/Journal_WebPage/tomcat/conf/logging.properties
25-May-2021 06:13:18.201 INFO [main] org.apache.catalina.startup.VersionLoggerListener.log Command line argument: -Djava.util.logging.manager=org.apache.juli.ClassLoaderLogManager
25-May-2021 06:13:18.201 INFO [main] org.apache.catalina.startup.VersionLoggerListener.log Command line argument: -Djdk.tls.ephemeralDHKeySize=2048
25-May-2021 06:13:18.201 INFO [main] org.apache.catalina.startup.VersionLoggerListener.log Command line argument: -Djava.protocol.handler.pkgs=org.apache.catalina.webresources
25-May-2021 06:13:18.201 INFO [main] org.apache.catalina.startup.VersionLoggerListener.log Command line argument: -Dorg.apache.catalina.security.SecurityListener.UMASK=0027
25-May-2021 06:13:18.201 INFO [main] org.apache.catalina.startup.VersionLoggerListener.log Command line argument: -Dignore.endorsed.dirs=
25-May-2021 06:13:18.202 INFO [main] org.apache.catalina.startup.VersionLoggerListener.log Command line argument: -Dcatalina.base=/Users/chau/workplace/Journal_WebPage/tomcat
25-May-2021 06:13:18.202 INFO [main] org.apache.catalina.startup.VersionLoggerListener.log Command line argument: -Dcatalina.home=/Users/chau/workplace/Journal_WebPage/tomcat
25-May-2021 06:13:18.202 INFO [main] org.apache.catalina.startup.VersionLoggerListener.log Command line argument: -Djava.io.tmpdir=/Users/chau/workplace/Journal_WebPage/tomcat/temp
25-May-2021 06:13:18.204 INFO [main] org.apache.catalina.core.AprLifecycleListener.lifecycleEvent The Apache Tomcat Native library which allows using OpenSSL was not found on the java.library.path: [/Users/chau/Library/Java/Extensions:/Library/Java/Extensions:/Network/Library/Java/Extensions:/System/Library/Java/Extensions:/usr/lib/java:.]
25-May-2021 06:13:18.628 INFO [main] org.apache.coyote.AbstractProtocol.init Initializing ProtocolHandler ["http-nio-9091"]
25-May-2021 06:13:18.689 INFO [main] org.apache.catalina.startup.Catalina.load Server initialization in [807] milliseconds
25-May-2021 06:13:18.749 INFO [main] org.apache.catalina.core.StandardService.startInternal Starting service [Catalina]
25-May-2021 06:13:18.750 INFO [main] org.apache.catalina.core.StandardEngine.startInternal Starting Servlet engine: [Apache Tomcat/9.0.45]
25-May-2021 06:13:18.761 INFO [main] org.apache.catalina.startup.HostConfig.deployDirectory Deploying web application directory [/Users/chau/workplace/Journal_WebPage/tomcat/webapps/FinalProject]
25-May-2021 06:13:19.154 INFO [main] org.apache.catalina.startup.HostConfig.deployDirectory Deployment of web application directory [/Users/chau/workplace/Journal_WebPage/tomcat/webapps/FinalProject] has finished in [391] ms
25-May-2021 06:13:19.155 INFO [main] org.apache.catalina.startup.HostConfig.deployDirectory Deploying web application directory [/Users/chau/workplace/Journal_WebPage/tomcat/webapps/docs]
25-May-2021 06:13:19.189 INFO [main] org.apache.catalina.startup.HostConfig.deployDirectory Deployment of web application directory [/Users/chau/workplace/Journal_WebPage/tomcat/webapps/docs] has finished in [34] ms
25-May-2021 06:13:19.190 INFO [main] org.apache.catalina.startup.HostConfig.deployDirectory Deploying web application directory [/Users/chau/workplace/Journal_WebPage/tomcat/webapps/manager]
25-May-2021 06:13:19.249 INFO [main] org.apache.catalina.startup.HostConfig.deployDirectory Deployment of web application directory [/Users/chau/workplace/Journal_WebPage/tomcat/webapps/manager] has finished in [58] ms
25-May-2021 06:13:19.250 INFO [main] org.apache.catalina.startup.HostConfig.deployDirectory Deploying web application directory [/Users/chau/workplace/Journal_WebPage/tomcat/webapps/examples]
25-May-2021 06:13:19.675 INFO [main] org.apache.catalina.startup.HostConfig.deployDirectory Deployment of web application directory [/Users/chau/workplace/Journal_WebPage/tomcat/webapps/examples] has finished in [425] ms
25-May-2021 06:13:19.676 INFO [main] org.apache.catalina.startup.HostConfig.deployDirectory Deploying web application directory [/Users/chau/workplace/Journal_WebPage/tomcat/webapps/ROOT]
25-May-2021 06:13:19.715 INFO [main] org.apache.catalina.startup.HostConfig.deployDirectory Deployment of web application directory [/Users/chau/workplace/Journal_WebPage/tomcat/webapps/ROOT] has finished in [39] ms
25-May-2021 06:13:19.716 INFO [main] org.apache.catalina.startup.HostConfig.deployDirectory Deploying web application directory [/Users/chau/workplace/Journal_WebPage/tomcat/webapps/host-manager]
25-May-2021 06:13:19.761 INFO [main] org.apache.catalina.startup.HostConfig.deployDirectory Deployment of web application directory [/Users/chau/workplace/Journal_WebPage/tomcat/webapps/host-manager] has finished in [46] ms
25-May-2021 06:13:19.766 INFO [main] org.apache.coyote.AbstractProtocol.start Starting ProtocolHandler ["http-nio-9091"]
25-May-2021 06:13:19.778 INFO [main] org.apache.catalina.startup.Catalina.start Server startup in [1089] milliseconds
