NOTE: Picked up JDK_JAVA_OPTIONS:  --add-opens=java.base/java.lang=ALL-UNNAMED --add-opens=java.base/java.io=ALL-UNNAMED --add-opens=java.base/java.util=ALL-UNNAMED --add-opens=java.base/java.util.concurrent=ALL-UNNAMED --add-opens=java.rmi/sun.rmi.transport=ALL-UNNAMED
21-Apr-2021 22:36:56.411 INFO [main] org.apache.catalina.startup.VersionLoggerListener.log Server version name:   Apache Tomcat/9.0.45
21-Apr-2021 22:36:56.421 INFO [main] org.apache.catalina.startup.VersionLoggerListener.log Server built:          Mar 30 2021 10:29:04 UTC
21-Apr-2021 22:36:56.421 INFO [main] org.apache.catalina.startup.VersionLoggerListener.log Server version number: 9.0.45.0
21-Apr-2021 22:36:56.421 INFO [main] org.apache.catalina.startup.VersionLoggerListener.log OS Name:               Mac OS X
21-Apr-2021 22:36:56.422 INFO [main] org.apache.catalina.startup.VersionLoggerListener.log OS Version:            10.14.6
21-Apr-2021 22:36:56.422 INFO [main] org.apache.catalina.startup.VersionLoggerListener.log Architecture:          x86_64
21-Apr-2021 22:36:56.422 INFO [main] org.apache.catalina.startup.VersionLoggerListener.log Java Home:             /Library/Java/JavaVirtualMachines/adoptopenjdk-15.jdk/Contents/Home
21-Apr-2021 22:36:56.423 INFO [main] org.apache.catalina.startup.VersionLoggerListener.log JVM Version:           15.0.2+7
21-Apr-2021 22:36:56.424 INFO [main] org.apache.catalina.startup.VersionLoggerListener.log JVM Vendor:            AdoptOpenJDK
21-Apr-2021 22:36:56.424 INFO [main] org.apache.catalina.startup.VersionLoggerListener.log CATALINA_BASE:         /Applications/tomcat9
21-Apr-2021 22:36:56.424 INFO [main] org.apache.catalina.startup.VersionLoggerListener.log CATALINA_HOME:         /Applications/tomcat9
21-Apr-2021 22:36:56.443 INFO [main] org.apache.catalina.startup.VersionLoggerListener.log Command line argument: --add-opens=java.base/java.lang=ALL-UNNAMED
21-Apr-2021 22:36:56.444 INFO [main] org.apache.catalina.startup.VersionLoggerListener.log Command line argument: --add-opens=java.base/java.io=ALL-UNNAMED
21-Apr-2021 22:36:56.444 INFO [main] org.apache.catalina.startup.VersionLoggerListener.log Command line argument: --add-opens=java.base/java.util=ALL-UNNAMED
21-Apr-2021 22:36:56.444 INFO [main] org.apache.catalina.startup.VersionLoggerListener.log Command line argument: --add-opens=java.base/java.util.concurrent=ALL-UNNAMED
21-Apr-2021 22:36:56.444 INFO [main] org.apache.catalina.startup.VersionLoggerListener.log Command line argument: --add-opens=java.rmi/sun.rmi.transport=ALL-UNNAMED
21-Apr-2021 22:36:56.445 INFO [main] org.apache.catalina.startup.VersionLoggerListener.log Command line argument: -Djava.util.logging.config.file=/Applications/tomcat9/conf/logging.properties
21-Apr-2021 22:36:56.445 INFO [main] org.apache.catalina.startup.VersionLoggerListener.log Command line argument: -Djava.util.logging.manager=org.apache.juli.ClassLoaderLogManager
21-Apr-2021 22:36:56.445 INFO [main] org.apache.catalina.startup.VersionLoggerListener.log Command line argument: -Djdk.tls.ephemeralDHKeySize=2048
21-Apr-2021 22:36:56.445 INFO [main] org.apache.catalina.startup.VersionLoggerListener.log Command line argument: -Djava.protocol.handler.pkgs=org.apache.catalina.webresources
21-Apr-2021 22:36:56.445 INFO [main] org.apache.catalina.startup.VersionLoggerListener.log Command line argument: -Dorg.apache.catalina.security.SecurityListener.UMASK=0027
21-Apr-2021 22:36:56.446 INFO [main] org.apache.catalina.startup.VersionLoggerListener.log Command line argument: -Dignore.endorsed.dirs=
21-Apr-2021 22:36:56.446 INFO [main] org.apache.catalina.startup.VersionLoggerListener.log Command line argument: -Dcatalina.base=/Applications/tomcat9
21-Apr-2021 22:36:56.446 INFO [main] org.apache.catalina.startup.VersionLoggerListener.log Command line argument: -Dcatalina.home=/Applications/tomcat9
21-Apr-2021 22:36:56.446 INFO [main] org.apache.catalina.startup.VersionLoggerListener.log Command line argument: -Djava.io.tmpdir=/Applications/tomcat9/temp
21-Apr-2021 22:36:56.449 INFO [main] org.apache.catalina.core.AprLifecycleListener.lifecycleEvent The Apache Tomcat Native library which allows using OpenSSL was not found on the java.library.path: [/Users/chau/Library/Java/Extensions:/Library/Java/Extensions:/Network/Library/Java/Extensions:/System/Library/Java/Extensions:/usr/lib/java:.]
21-Apr-2021 22:36:56.872 INFO [main] org.apache.coyote.AbstractProtocol.init Initializing ProtocolHandler ["http-nio-8080"]
21-Apr-2021 22:36:56.925 INFO [main] org.apache.catalina.startup.Catalina.load Server initialization in [764] milliseconds
21-Apr-2021 22:36:56.974 INFO [main] org.apache.catalina.core.StandardService.startInternal Starting service [Catalina]
21-Apr-2021 22:36:56.975 INFO [main] org.apache.catalina.core.StandardEngine.startInternal Starting Servlet engine: [Apache Tomcat/9.0.45]
21-Apr-2021 22:36:56.983 INFO [main] org.apache.catalina.startup.HostConfig.deployDirectory Deploying web application directory [/Applications/tomcat9/webapps/docs]
21-Apr-2021 22:36:57.274 INFO [main] org.apache.catalina.startup.HostConfig.deployDirectory Deployment of web application directory [/Applications/tomcat9/webapps/docs] has finished in [290] ms
21-Apr-2021 22:36:57.274 INFO [main] org.apache.catalina.startup.HostConfig.deployDirectory Deploying web application directory [/Applications/tomcat9/webapps/manager]
21-Apr-2021 22:36:57.337 INFO [main] org.apache.catalina.startup.HostConfig.deployDirectory Deployment of web application directory [/Applications/tomcat9/webapps/manager] has finished in [63] ms
21-Apr-2021 22:36:57.337 INFO [main] org.apache.catalina.startup.HostConfig.deployDirectory Deploying web application directory [/Applications/tomcat9/webapps/examples]
21-Apr-2021 22:36:57.674 INFO [main] org.apache.catalina.startup.HostConfig.deployDirectory Deployment of web application directory [/Applications/tomcat9/webapps/examples] has finished in [337] ms
21-Apr-2021 22:36:57.675 INFO [main] org.apache.catalina.startup.HostConfig.deployDirectory Deploying web application directory [/Applications/tomcat9/webapps/ROOT]
21-Apr-2021 22:36:57.698 INFO [main] org.apache.catalina.startup.HostConfig.deployDirectory Deployment of web application directory [/Applications/tomcat9/webapps/ROOT] has finished in [22] ms
21-Apr-2021 22:36:57.698 INFO [main] org.apache.catalina.startup.HostConfig.deployDirectory Deploying web application directory [/Applications/tomcat9/webapps/host-manager]
21-Apr-2021 22:36:57.723 INFO [main] org.apache.catalina.startup.HostConfig.deployDirectory Deployment of web application directory [/Applications/tomcat9/webapps/host-manager] has finished in [25] ms
21-Apr-2021 22:36:57.727 INFO [main] org.apache.coyote.AbstractProtocol.start Starting ProtocolHandler ["http-nio-8080"]
21-Apr-2021 22:36:57.736 INFO [main] org.apache.catalina.startup.Catalina.start Server startup in [810] milliseconds
21-Apr-2021 22:38:27.778 INFO [Catalina-utility-2] org.apache.catalina.startup.HostConfig.deployDirectory Deploying web application directory [/Applications/tomcat9/webapps/Quiz2]
21-Apr-2021 22:38:27.825 INFO [Catalina-utility-2] org.apache.catalina.startup.HostConfig.deployDirectory Deployment of web application directory [/Applications/tomcat9/webapps/Quiz2] has finished in [47] ms
21-Apr-2021 22:38:43.956 INFO [main] org.apache.catalina.core.StandardServer.await A valid shutdown command was received via the shutdown port. Stopping the Server instance.
21-Apr-2021 22:38:43.956 INFO [main] org.apache.coyote.AbstractProtocol.pause Pausing ProtocolHandler ["http-nio-8080"]
21-Apr-2021 22:38:43.961 INFO [main] org.apache.catalina.core.StandardService.stopInternal Stopping service [Catalina]
21-Apr-2021 22:38:43.995 INFO [main] org.apache.coyote.AbstractProtocol.stop Stopping ProtocolHandler ["http-nio-8080"]
21-Apr-2021 22:38:44.018 INFO [main] org.apache.coyote.AbstractProtocol.destroy Destroying ProtocolHandler ["http-nio-8080"]
NOTE: Picked up JDK_JAVA_OPTIONS:  --add-opens=java.base/java.lang=ALL-UNNAMED --add-opens=java.base/java.io=ALL-UNNAMED --add-opens=java.base/java.util=ALL-UNNAMED --add-opens=java.base/java.util.concurrent=ALL-UNNAMED --add-opens=java.rmi/sun.rmi.transport=ALL-UNNAMED
21-Apr-2021 22:39:19.920 INFO [main] org.apache.catalina.startup.VersionLoggerListener.log Server version name:   Apache Tomcat/9.0.45
21-Apr-2021 22:39:19.924 INFO [main] org.apache.catalina.startup.VersionLoggerListener.log Server built:          Mar 30 2021 10:29:04 UTC
21-Apr-2021 22:39:19.925 INFO [main] org.apache.catalina.startup.VersionLoggerListener.log Server version number: 9.0.45.0
21-Apr-2021 22:39:19.925 INFO [main] org.apache.catalina.startup.VersionLoggerListener.log OS Name:               Mac OS X
21-Apr-2021 22:39:19.925 INFO [main] org.apache.catalina.startup.VersionLoggerListener.log OS Version:            10.14.6
21-Apr-2021 22:39:19.925 INFO [main] org.apache.catalina.startup.VersionLoggerListener.log Architecture:          x86_64
21-Apr-2021 22:39:19.926 INFO [main] org.apache.catalina.startup.VersionLoggerListener.log Java Home:             /Library/Java/JavaVirtualMachines/adoptopenjdk-15.jdk/Contents/Home
21-Apr-2021 22:39:19.926 INFO [main] org.apache.catalina.startup.VersionLoggerListener.log JVM Version:           15.0.2+7
21-Apr-2021 22:39:19.926 INFO [main] org.apache.catalina.startup.VersionLoggerListener.log JVM Vendor:            AdoptOpenJDK
21-Apr-2021 22:39:19.926 INFO [main] org.apache.catalina.startup.VersionLoggerListener.log CATALINA_BASE:         /Applications/tomcat9
21-Apr-2021 22:39:19.926 INFO [main] org.apache.catalina.startup.VersionLoggerListener.log CATALINA_HOME:         /Applications/tomcat9
21-Apr-2021 22:39:19.948 INFO [main] org.apache.catalina.startup.VersionLoggerListener.log Command line argument: --add-opens=java.base/java.lang=ALL-UNNAMED
21-Apr-2021 22:39:19.949 INFO [main] org.apache.catalina.startup.VersionLoggerListener.log Command line argument: --add-opens=java.base/java.io=ALL-UNNAMED
21-Apr-2021 22:39:19.949 INFO [main] org.apache.catalina.startup.VersionLoggerListener.log Command line argument: --add-opens=java.base/java.util=ALL-UNNAMED
21-Apr-2021 22:39:19.949 INFO [main] org.apache.catalina.startup.VersionLoggerListener.log Command line argument: --add-opens=java.base/java.util.concurrent=ALL-UNNAMED
21-Apr-2021 22:39:19.950 INFO [main] org.apache.catalina.startup.VersionLoggerListener.log Command line argument: --add-opens=java.rmi/sun.rmi.transport=ALL-UNNAMED
21-Apr-2021 22:39:19.950 INFO [main] org.apache.catalina.startup.VersionLoggerListener.log Command line argument: -Djava.util.logging.config.file=/Applications/tomcat9/conf/logging.properties
21-Apr-2021 22:39:19.951 INFO [main] org.apache.catalina.startup.VersionLoggerListener.log Command line argument: -Djava.util.logging.manager=org.apache.juli.ClassLoaderLogManager
21-Apr-2021 22:39:19.951 INFO [main] org.apache.catalina.startup.VersionLoggerListener.log Command line argument: -Djdk.tls.ephemeralDHKeySize=2048
21-Apr-2021 22:39:19.951 INFO [main] org.apache.catalina.startup.VersionLoggerListener.log Command line argument: -Djava.protocol.handler.pkgs=org.apache.catalina.webresources
21-Apr-2021 22:39:19.951 INFO [main] org.apache.catalina.startup.VersionLoggerListener.log Command line argument: -Dorg.apache.catalina.security.SecurityListener.UMASK=0027
21-Apr-2021 22:39:19.952 INFO [main] org.apache.catalina.startup.VersionLoggerListener.log Command line argument: -Dignore.endorsed.dirs=
21-Apr-2021 22:39:19.952 INFO [main] org.apache.catalina.startup.VersionLoggerListener.log Command line argument: -Dcatalina.base=/Applications/tomcat9
21-Apr-2021 22:39:19.952 INFO [main] org.apache.catalina.startup.VersionLoggerListener.log Command line argument: -Dcatalina.home=/Applications/tomcat9
21-Apr-2021 22:39:19.952 INFO [main] org.apache.catalina.startup.VersionLoggerListener.log Command line argument: -Djava.io.tmpdir=/Applications/tomcat9/temp
21-Apr-2021 22:39:19.955 INFO [main] org.apache.catalina.core.AprLifecycleListener.lifecycleEvent The Apache Tomcat Native library which allows using OpenSSL was not found on the java.library.path: [/Users/chau/Library/Java/Extensions:/Library/Java/Extensions:/Network/Library/Java/Extensions:/System/Library/Java/Extensions:/usr/lib/java:.]
21-Apr-2021 22:39:20.318 INFO [main] org.apache.coyote.AbstractProtocol.init Initializing ProtocolHandler ["http-nio-9091"]
21-Apr-2021 22:39:20.374 INFO [main] org.apache.catalina.startup.Catalina.load Server initialization in [699] milliseconds
21-Apr-2021 22:39:20.427 INFO [main] org.apache.catalina.core.StandardService.startInternal Starting service [Catalina]
21-Apr-2021 22:39:20.428 INFO [main] org.apache.catalina.core.StandardEngine.startInternal Starting Servlet engine: [Apache Tomcat/9.0.45]
21-Apr-2021 22:39:20.438 INFO [main] org.apache.catalina.startup.HostConfig.deployDirectory Deploying web application directory [/Applications/tomcat9/webapps/docs]
21-Apr-2021 22:39:20.788 INFO [main] org.apache.catalina.startup.HostConfig.deployDirectory Deployment of web application directory [/Applications/tomcat9/webapps/docs] has finished in [349] ms
21-Apr-2021 22:39:20.788 INFO [main] org.apache.catalina.startup.HostConfig.deployDirectory Deploying web application directory [/Applications/tomcat9/webapps/manager]
21-Apr-2021 22:39:20.847 INFO [main] org.apache.catalina.startup.HostConfig.deployDirectory Deployment of web application directory [/Applications/tomcat9/webapps/manager] has finished in [59] ms
21-Apr-2021 22:39:20.847 INFO [main] org.apache.catalina.startup.HostConfig.deployDirectory Deploying web application directory [/Applications/tomcat9/webapps/Quiz2]
21-Apr-2021 22:39:20.902 INFO [main] org.apache.catalina.startup.HostConfig.deployDirectory Deployment of web application directory [/Applications/tomcat9/webapps/Quiz2] has finished in [54] ms
21-Apr-2021 22:39:20.902 INFO [main] org.apache.catalina.startup.HostConfig.deployDirectory Deploying web application directory [/Applications/tomcat9/webapps/examples]
21-Apr-2021 22:39:21.302 INFO [main] org.apache.catalina.startup.HostConfig.deployDirectory Deployment of web application directory [/Applications/tomcat9/webapps/examples] has finished in [400] ms
21-Apr-2021 22:39:21.303 INFO [main] org.apache.catalina.startup.HostConfig.deployDirectory Deploying web application directory [/Applications/tomcat9/webapps/ROOT]
21-Apr-2021 22:39:21.325 INFO [main] org.apache.catalina.startup.HostConfig.deployDirectory Deployment of web application directory [/Applications/tomcat9/webapps/ROOT] has finished in [23] ms
21-Apr-2021 22:39:21.325 INFO [main] org.apache.catalina.startup.HostConfig.deployDirectory Deploying web application directory [/Applications/tomcat9/webapps/host-manager]
21-Apr-2021 22:39:21.355 INFO [main] org.apache.catalina.startup.HostConfig.deployDirectory Deployment of web application directory [/Applications/tomcat9/webapps/host-manager] has finished in [30] ms
21-Apr-2021 22:39:21.359 INFO [main] org.apache.coyote.AbstractProtocol.start Starting ProtocolHandler ["http-nio-9091"]
21-Apr-2021 22:39:21.371 INFO [main] org.apache.catalina.startup.Catalina.start Server startup in [996] milliseconds
21-Apr-2021 22:41:17.161 INFO [main] org.apache.catalina.core.StandardServer.await A valid shutdown command was received via the shutdown port. Stopping the Server instance.
21-Apr-2021 22:41:17.162 INFO [main] org.apache.coyote.AbstractProtocol.pause Pausing ProtocolHandler ["http-nio-9091"]
21-Apr-2021 22:41:17.167 INFO [main] org.apache.catalina.core.StandardService.stopInternal Stopping service [Catalina]
21-Apr-2021 22:41:17.214 INFO [main] org.apache.coyote.AbstractProtocol.stop Stopping ProtocolHandler ["http-nio-9091"]
21-Apr-2021 22:41:17.224 INFO [main] org.apache.coyote.AbstractProtocol.destroy Destroying ProtocolHandler ["http-nio-9091"]
NOTE: Picked up JDK_JAVA_OPTIONS:  --add-opens=java.base/java.lang=ALL-UNNAMED --add-opens=java.base/java.io=ALL-UNNAMED --add-opens=java.base/java.util=ALL-UNNAMED --add-opens=java.base/java.util.concurrent=ALL-UNNAMED --add-opens=java.rmi/sun.rmi.transport=ALL-UNNAMED
21-Apr-2021 22:44:20.924 INFO [main] org.apache.catalina.startup.VersionLoggerListener.log Server version name:   Apache Tomcat/9.0.45
21-Apr-2021 22:44:20.930 INFO [main] org.apache.catalina.startup.VersionLoggerListener.log Server built:          Mar 30 2021 10:29:04 UTC
21-Apr-2021 22:44:20.930 INFO [main] org.apache.catalina.startup.VersionLoggerListener.log Server version number: 9.0.45.0
21-Apr-2021 22:44:20.930 INFO [main] org.apache.catalina.startup.VersionLoggerListener.log OS Name:               Mac OS X
21-Apr-2021 22:44:20.931 INFO [main] org.apache.catalina.startup.VersionLoggerListener.log OS Version:            10.14.6
21-Apr-2021 22:44:20.931 INFO [main] org.apache.catalina.startup.VersionLoggerListener.log Architecture:          x86_64
21-Apr-2021 22:44:20.931 INFO [main] org.apache.catalina.startup.VersionLoggerListener.log Java Home:             /Library/Java/JavaVirtualMachines/adoptopenjdk-15.jdk/Contents/Home
21-Apr-2021 22:44:20.931 INFO [main] org.apache.catalina.startup.VersionLoggerListener.log JVM Version:           15.0.2+7
21-Apr-2021 22:44:20.932 INFO [main] org.apache.catalina.startup.VersionLoggerListener.log JVM Vendor:            AdoptOpenJDK
21-Apr-2021 22:44:20.932 INFO [main] org.apache.catalina.startup.VersionLoggerListener.log CATALINA_BASE:         /Users/chau/FXUA/CMP663/8.Quiz2 Registration Form/tomcat
21-Apr-2021 22:44:20.933 INFO [main] org.apache.catalina.startup.VersionLoggerListener.log CATALINA_HOME:         /Users/chau/FXUA/CMP663/8.Quiz2 Registration Form/tomcat
21-Apr-2021 22:44:20.958 INFO [main] org.apache.catalina.startup.VersionLoggerListener.log Command line argument: --add-opens=java.base/java.lang=ALL-UNNAMED
21-Apr-2021 22:44:20.958 INFO [main] org.apache.catalina.startup.VersionLoggerListener.log Command line argument: --add-opens=java.base/java.io=ALL-UNNAMED
21-Apr-2021 22:44:20.959 INFO [main] org.apache.catalina.startup.VersionLoggerListener.log Command line argument: --add-opens=java.base/java.util=ALL-UNNAMED
21-Apr-2021 22:44:20.959 INFO [main] org.apache.catalina.startup.VersionLoggerListener.log Command line argument: --add-opens=java.base/java.util.concurrent=ALL-UNNAMED
21-Apr-2021 22:44:20.959 INFO [main] org.apache.catalina.startup.VersionLoggerListener.log Command line argument: --add-opens=java.rmi/sun.rmi.transport=ALL-UNNAMED
21-Apr-2021 22:44:20.960 INFO [main] org.apache.catalina.startup.VersionLoggerListener.log Command line argument: -Djava.util.logging.config.file=/Users/chau/FXUA/CMP663/8.Quiz2 Registration Form/tomcat/conf/logging.properties
21-Apr-2021 22:44:20.960 INFO [main] org.apache.catalina.startup.VersionLoggerListener.log Command line argument: -Djava.util.logging.manager=org.apache.juli.ClassLoaderLogManager
21-Apr-2021 22:44:20.960 INFO [main] org.apache.catalina.startup.VersionLoggerListener.log Command line argument: -Djdk.tls.ephemeralDHKeySize=2048
21-Apr-2021 22:44:20.960 INFO [main] org.apache.catalina.startup.VersionLoggerListener.log Command line argument: -Djava.protocol.handler.pkgs=org.apache.catalina.webresources
21-Apr-2021 22:44:20.960 INFO [main] org.apache.catalina.startup.VersionLoggerListener.log Command line argument: -Dorg.apache.catalina.security.SecurityListener.UMASK=0027
21-Apr-2021 22:44:20.961 INFO [main] org.apache.catalina.startup.VersionLoggerListener.log Command line argument: -Dignore.endorsed.dirs=
21-Apr-2021 22:44:20.961 INFO [main] org.apache.catalina.startup.VersionLoggerListener.log Command line argument: -Dcatalina.base=/Users/chau/FXUA/CMP663/8.Quiz2 Registration Form/tomcat
21-Apr-2021 22:44:20.961 INFO [main] org.apache.catalina.startup.VersionLoggerListener.log Command line argument: -Dcatalina.home=/Users/chau/FXUA/CMP663/8.Quiz2 Registration Form/tomcat
21-Apr-2021 22:44:20.961 INFO [main] org.apache.catalina.startup.VersionLoggerListener.log Command line argument: -Djava.io.tmpdir=/Users/chau/FXUA/CMP663/8.Quiz2 Registration Form/tomcat/temp
21-Apr-2021 22:44:20.964 INFO [main] org.apache.catalina.core.AprLifecycleListener.lifecycleEvent The Apache Tomcat Native library which allows using OpenSSL was not found on the java.library.path: [/Users/chau/Library/Java/Extensions:/Library/Java/Extensions:/Network/Library/Java/Extensions:/System/Library/Java/Extensions:/usr/lib/java:.]
21-Apr-2021 22:44:21.427 INFO [main] org.apache.coyote.AbstractProtocol.init Initializing ProtocolHandler ["http-nio-9091"]
21-Apr-2021 22:44:21.495 INFO [main] org.apache.catalina.startup.Catalina.load Server initialization in [833] milliseconds
21-Apr-2021 22:44:21.552 INFO [main] org.apache.catalina.core.StandardService.startInternal Starting service [Catalina]
21-Apr-2021 22:44:21.553 INFO [main] org.apache.catalina.core.StandardEngine.startInternal Starting Servlet engine: [Apache Tomcat/9.0.45]
21-Apr-2021 22:44:21.566 INFO [main] org.apache.catalina.startup.HostConfig.deployDirectory Deploying web application directory [/Users/chau/FXUA/CMP663/8.Quiz2 Registration Form/tomcat/webapps/docs]
21-Apr-2021 22:44:21.934 INFO [main] org.apache.catalina.startup.HostConfig.deployDirectory Deployment of web application directory [/Users/chau/FXUA/CMP663/8.Quiz2 Registration Form/tomcat/webapps/docs] has finished in [367] ms
21-Apr-2021 22:44:21.936 INFO [main] org.apache.catalina.startup.HostConfig.deployDirectory Deploying web application directory [/Users/chau/FXUA/CMP663/8.Quiz2 Registration Form/tomcat/webapps/manager]
21-Apr-2021 22:44:22.006 INFO [main] org.apache.catalina.startup.HostConfig.deployDirectory Deployment of web application directory [/Users/chau/FXUA/CMP663/8.Quiz2 Registration Form/tomcat/webapps/manager] has finished in [71] ms
21-Apr-2021 22:44:22.007 INFO [main] org.apache.catalina.startup.HostConfig.deployDirectory Deploying web application directory [/Users/chau/FXUA/CMP663/8.Quiz2 Registration Form/tomcat/webapps/Quiz2]
21-Apr-2021 22:44:22.089 INFO [main] org.apache.catalina.startup.HostConfig.deployDirectory Deployment of web application directory [/Users/chau/FXUA/CMP663/8.Quiz2 Registration Form/tomcat/webapps/Quiz2] has finished in [81] ms
21-Apr-2021 22:44:22.089 INFO [main] org.apache.catalina.startup.HostConfig.deployDirectory Deploying web application directory [/Users/chau/FXUA/CMP663/8.Quiz2 Registration Form/tomcat/webapps/examples]
21-Apr-2021 22:44:22.517 INFO [main] org.apache.catalina.startup.HostConfig.deployDirectory Deployment of web application directory [/Users/chau/FXUA/CMP663/8.Quiz2 Registration Form/tomcat/webapps/examples] has finished in [428] ms
21-Apr-2021 22:44:22.518 INFO [main] org.apache.catalina.startup.HostConfig.deployDirectory Deploying web application directory [/Users/chau/FXUA/CMP663/8.Quiz2 Registration Form/tomcat/webapps/ROOT]
21-Apr-2021 22:44:22.549 INFO [main] org.apache.catalina.startup.HostConfig.deployDirectory Deployment of web application directory [/Users/chau/FXUA/CMP663/8.Quiz2 Registration Form/tomcat/webapps/ROOT] has finished in [31] ms
21-Apr-2021 22:44:22.550 INFO [main] org.apache.catalina.startup.HostConfig.deployDirectory Deploying web application directory [/Users/chau/FXUA/CMP663/8.Quiz2 Registration Form/tomcat/webapps/host-manager]
21-Apr-2021 22:44:22.589 INFO [main] org.apache.catalina.startup.HostConfig.deployDirectory Deployment of web application directory [/Users/chau/FXUA/CMP663/8.Quiz2 Registration Form/tomcat/webapps/host-manager] has finished in [39] ms
21-Apr-2021 22:44:22.595 INFO [main] org.apache.coyote.AbstractProtocol.start Starting ProtocolHandler ["http-nio-9091"]
21-Apr-2021 22:44:22.608 INFO [main] org.apache.catalina.startup.Catalina.start Server startup in [1111] milliseconds
NOTE: Picked up JDK_JAVA_OPTIONS:  --add-opens=java.base/java.lang=ALL-UNNAMED --add-opens=java.base/java.io=ALL-UNNAMED --add-opens=java.base/java.util=ALL-UNNAMED --add-opens=java.base/java.util.concurrent=ALL-UNNAMED --add-opens=java.rmi/sun.rmi.transport=ALL-UNNAMED
21-Apr-2021 22:55:40.143 INFO [main] org.apache.catalina.startup.VersionLoggerListener.log Server version name:   Apache Tomcat/9.0.45
21-Apr-2021 22:55:40.153 INFO [main] org.apache.catalina.startup.VersionLoggerListener.log Server built:          Mar 30 2021 10:29:04 UTC
21-Apr-2021 22:55:40.153 INFO [main] org.apache.catalina.startup.VersionLoggerListener.log Server version number: 9.0.45.0
21-Apr-2021 22:55:40.154 INFO [main] org.apache.catalina.startup.VersionLoggerListener.log OS Name:               Mac OS X
21-Apr-2021 22:55:40.154 INFO [main] org.apache.catalina.startup.VersionLoggerListener.log OS Version:            10.14.6
21-Apr-2021 22:55:40.154 INFO [main] org.apache.catalina.startup.VersionLoggerListener.log Architecture:          x86_64
21-Apr-2021 22:55:40.154 INFO [main] org.apache.catalina.startup.VersionLoggerListener.log Java Home:             /Library/Java/JavaVirtualMachines/adoptopenjdk-15.jdk/Contents/Home
21-Apr-2021 22:55:40.155 INFO [main] org.apache.catalina.startup.VersionLoggerListener.log JVM Version:           15.0.2+7
21-Apr-2021 22:55:40.155 INFO [main] org.apache.catalina.startup.VersionLoggerListener.log JVM Vendor:            AdoptOpenJDK
21-Apr-2021 22:55:40.155 INFO [main] org.apache.catalina.startup.VersionLoggerListener.log CATALINA_BASE:         /Users/chau/FXUA/CMP663/10. hw3/tomcat
21-Apr-2021 22:55:40.155 INFO [main] org.apache.catalina.startup.VersionLoggerListener.log CATALINA_HOME:         /Users/chau/FXUA/CMP663/10. hw3/tomcat
21-Apr-2021 22:55:40.178 INFO [main] org.apache.catalina.startup.VersionLoggerListener.log Command line argument: --add-opens=java.base/java.lang=ALL-UNNAMED
21-Apr-2021 22:55:40.180 INFO [main] org.apache.catalina.startup.VersionLoggerListener.log Command line argument: --add-opens=java.base/java.io=ALL-UNNAMED
21-Apr-2021 22:55:40.180 INFO [main] org.apache.catalina.startup.VersionLoggerListener.log Command line argument: --add-opens=java.base/java.util=ALL-UNNAMED
21-Apr-2021 22:55:40.181 INFO [main] org.apache.catalina.startup.VersionLoggerListener.log Command line argument: --add-opens=java.base/java.util.concurrent=ALL-UNNAMED
21-Apr-2021 22:55:40.181 INFO [main] org.apache.catalina.startup.VersionLoggerListener.log Command line argument: --add-opens=java.rmi/sun.rmi.transport=ALL-UNNAMED
21-Apr-2021 22:55:40.182 INFO [main] org.apache.catalina.startup.VersionLoggerListener.log Command line argument: -Djava.util.logging.config.file=/Users/chau/FXUA/CMP663/10. hw3/tomcat/conf/logging.properties
21-Apr-2021 22:55:40.182 INFO [main] org.apache.catalina.startup.VersionLoggerListener.log Command line argument: -Djava.util.logging.manager=org.apache.juli.ClassLoaderLogManager
21-Apr-2021 22:55:40.183 INFO [main] org.apache.catalina.startup.VersionLoggerListener.log Command line argument: -Djdk.tls.ephemeralDHKeySize=2048
21-Apr-2021 22:55:40.183 INFO [main] org.apache.catalina.startup.VersionLoggerListener.log Command line argument: -Djava.protocol.handler.pkgs=org.apache.catalina.webresources
21-Apr-2021 22:55:40.183 INFO [main] org.apache.catalina.startup.VersionLoggerListener.log Command line argument: -Dorg.apache.catalina.security.SecurityListener.UMASK=0027
21-Apr-2021 22:55:40.183 INFO [main] org.apache.catalina.startup.VersionLoggerListener.log Command line argument: -Dignore.endorsed.dirs=
21-Apr-2021 22:55:40.184 INFO [main] org.apache.catalina.startup.VersionLoggerListener.log Command line argument: -Dcatalina.base=/Users/chau/FXUA/CMP663/10. hw3/tomcat
21-Apr-2021 22:55:40.184 INFO [main] org.apache.catalina.startup.VersionLoggerListener.log Command line argument: -Dcatalina.home=/Users/chau/FXUA/CMP663/10. hw3/tomcat
21-Apr-2021 22:55:40.184 INFO [main] org.apache.catalina.startup.VersionLoggerListener.log Command line argument: -Djava.io.tmpdir=/Users/chau/FXUA/CMP663/10. hw3/tomcat/temp
21-Apr-2021 22:55:40.187 INFO [main] org.apache.catalina.core.AprLifecycleListener.lifecycleEvent The Apache Tomcat Native library which allows using OpenSSL was not found on the java.library.path: [/Users/chau/Library/Java/Extensions:/Library/Java/Extensions:/Network/Library/Java/Extensions:/System/Library/Java/Extensions:/usr/lib/java:.]
21-Apr-2021 22:55:40.843 INFO [main] org.apache.coyote.AbstractProtocol.init Initializing ProtocolHandler ["http-nio-9091"]
21-Apr-2021 22:55:40.953 INFO [main] org.apache.catalina.startup.Catalina.load Server initialization in [1269] milliseconds
21-Apr-2021 22:55:41.046 INFO [main] org.apache.catalina.core.StandardService.startInternal Starting service [Catalina]
21-Apr-2021 22:55:41.046 INFO [main] org.apache.catalina.core.StandardEngine.startInternal Starting Servlet engine: [Apache Tomcat/9.0.45]
21-Apr-2021 22:55:41.062 INFO [main] org.apache.catalina.startup.HostConfig.deployDirectory Deploying web application directory [/Users/chau/FXUA/CMP663/10. hw3/tomcat/webapps/EditedTeam5Pj]
21-Apr-2021 22:55:41.848 INFO [main] org.apache.catalina.startup.HostConfig.deployDirectory Deployment of web application directory [/Users/chau/FXUA/CMP663/10. hw3/tomcat/webapps/EditedTeam5Pj] has finished in [785] ms
21-Apr-2021 22:55:41.848 INFO [main] org.apache.catalina.startup.HostConfig.deployDirectory Deploying web application directory [/Users/chau/FXUA/CMP663/10. hw3/tomcat/webapps/docs]
21-Apr-2021 22:55:41.907 INFO [main] org.apache.catalina.startup.HostConfig.deployDirectory Deployment of web application directory [/Users/chau/FXUA/CMP663/10. hw3/tomcat/webapps/docs] has finished in [58] ms
21-Apr-2021 22:55:41.908 INFO [main] org.apache.catalina.startup.HostConfig.deployDirectory Deploying web application directory [/Users/chau/FXUA/CMP663/10. hw3/tomcat/webapps/manager]
21-Apr-2021 22:55:42.052 INFO [main] org.apache.catalina.startup.HostConfig.deployDirectory Deployment of web application directory [/Users/chau/FXUA/CMP663/10. hw3/tomcat/webapps/manager] has finished in [145] ms
21-Apr-2021 22:55:42.056 INFO [main] org.apache.catalina.startup.HostConfig.deployDirectory Deploying web application directory [/Users/chau/FXUA/CMP663/10. hw3/tomcat/webapps/examples]
21-Apr-2021 22:55:42.650 INFO [main] org.apache.catalina.startup.HostConfig.deployDirectory Deployment of web application directory [/Users/chau/FXUA/CMP663/10. hw3/tomcat/webapps/examples] has finished in [593] ms
21-Apr-2021 22:55:42.651 INFO [main] org.apache.catalina.startup.HostConfig.deployDirectory Deploying web application directory [/Users/chau/FXUA/CMP663/10. hw3/tomcat/webapps/ROOT]
21-Apr-2021 22:55:42.692 INFO [main] org.apache.catalina.startup.HostConfig.deployDirectory Deployment of web application directory [/Users/chau/FXUA/CMP663/10. hw3/tomcat/webapps/ROOT] has finished in [41] ms
21-Apr-2021 22:55:42.692 INFO [main] org.apache.catalina.startup.HostConfig.deployDirectory Deploying web application directory [/Users/chau/FXUA/CMP663/10. hw3/tomcat/webapps/host-manager]
21-Apr-2021 22:55:43.035 INFO [main] org.apache.catalina.startup.HostConfig.deployDirectory Deployment of web application directory [/Users/chau/FXUA/CMP663/10. hw3/tomcat/webapps/host-manager] has finished in [342] ms
21-Apr-2021 22:55:43.044 INFO [main] org.apache.coyote.AbstractProtocol.start Starting ProtocolHandler ["http-nio-9091"]
21-Apr-2021 22:55:43.063 INFO [main] org.apache.catalina.startup.Catalina.start Server startup in [2109] milliseconds
21-Apr-2021 23:03:51.976 INFO [main] org.apache.catalina.core.StandardServer.await A valid shutdown command was received via the shutdown port. Stopping the Server instance.
21-Apr-2021 23:03:51.978 INFO [main] org.apache.coyote.AbstractProtocol.pause Pausing ProtocolHandler ["http-nio-9091"]
21-Apr-2021 23:03:51.982 INFO [main] org.apache.catalina.core.StandardService.stopInternal Stopping service [Catalina]
21-Apr-2021 23:03:52.032 INFO [main] org.apache.coyote.AbstractProtocol.stop Stopping ProtocolHandler ["http-nio-9091"]
21-Apr-2021 23:03:52.037 INFO [main] org.apache.coyote.AbstractProtocol.destroy Destroying ProtocolHandler ["http-nio-9091"]
NOTE: Picked up JDK_JAVA_OPTIONS:  --add-opens=java.base/java.lang=ALL-UNNAMED --add-opens=java.base/java.io=ALL-UNNAMED --add-opens=java.base/java.util=ALL-UNNAMED --add-opens=java.base/java.util.concurrent=ALL-UNNAMED --add-opens=java.rmi/sun.rmi.transport=ALL-UNNAMED
21-Apr-2021 23:16:30.352 INFO [main] org.apache.catalina.startup.VersionLoggerListener.log Server version name:   Apache Tomcat/9.0.45
21-Apr-2021 23:16:30.362 INFO [main] org.apache.catalina.startup.VersionLoggerListener.log Server built:          Mar 30 2021 10:29:04 UTC
21-Apr-2021 23:16:30.362 INFO [main] org.apache.catalina.startup.VersionLoggerListener.log Server version number: 9.0.45.0
21-Apr-2021 23:16:30.363 INFO [main] org.apache.catalina.startup.VersionLoggerListener.log OS Name:               Mac OS X
21-Apr-2021 23:16:30.363 INFO [main] org.apache.catalina.startup.VersionLoggerListener.log OS Version:            10.14.6
21-Apr-2021 23:16:30.363 INFO [main] org.apache.catalina.startup.VersionLoggerListener.log Architecture:          x86_64
21-Apr-2021 23:16:30.363 INFO [main] org.apache.catalina.startup.VersionLoggerListener.log Java Home:             /Library/Java/JavaVirtualMachines/adoptopenjdk-15.jdk/Contents/Home
21-Apr-2021 23:16:30.363 INFO [main] org.apache.catalina.startup.VersionLoggerListener.log JVM Version:           15.0.2+7
21-Apr-2021 23:16:30.364 INFO [main] org.apache.catalina.startup.VersionLoggerListener.log JVM Vendor:            AdoptOpenJDK
21-Apr-2021 23:16:30.364 INFO [main] org.apache.catalina.startup.VersionLoggerListener.log CATALINA_BASE:         /Users/chau/FXUA/CMP663/14.Project/tomcat
21-Apr-2021 23:16:30.364 INFO [main] org.apache.catalina.startup.VersionLoggerListener.log CATALINA_HOME:         /Users/chau/FXUA/CMP663/14.Project/tomcat
21-Apr-2021 23:16:30.415 INFO [main] org.apache.catalina.startup.VersionLoggerListener.log Command line argument: --add-opens=java.base/java.lang=ALL-UNNAMED
21-Apr-2021 23:16:30.415 INFO [main] org.apache.catalina.startup.VersionLoggerListener.log Command line argument: --add-opens=java.base/java.io=ALL-UNNAMED
21-Apr-2021 23:16:30.415 INFO [main] org.apache.catalina.startup.VersionLoggerListener.log Command line argument: --add-opens=java.base/java.util=ALL-UNNAMED
21-Apr-2021 23:16:30.416 INFO [main] org.apache.catalina.startup.VersionLoggerListener.log Command line argument: --add-opens=java.base/java.util.concurrent=ALL-UNNAMED
21-Apr-2021 23:16:30.416 INFO [main] org.apache.catalina.startup.VersionLoggerListener.log Command line argument: --add-opens=java.rmi/sun.rmi.transport=ALL-UNNAMED
21-Apr-2021 23:16:30.416 INFO [main] org.apache.catalina.startup.VersionLoggerListener.log Command line argument: -Djava.util.logging.config.file=/Users/chau/FXUA/CMP663/14.Project/tomcat/conf/logging.properties
21-Apr-2021 23:16:30.416 INFO [main] org.apache.catalina.startup.VersionLoggerListener.log Command line argument: -Djava.util.logging.manager=org.apache.juli.ClassLoaderLogManager
21-Apr-2021 23:16:30.416 INFO [main] org.apache.catalina.startup.VersionLoggerListener.log Command line argument: -Djdk.tls.ephemeralDHKeySize=2048
21-Apr-2021 23:16:30.416 INFO [main] org.apache.catalina.startup.VersionLoggerListener.log Command line argument: -Djava.protocol.handler.pkgs=org.apache.catalina.webresources
21-Apr-2021 23:16:30.416 INFO [main] org.apache.catalina.startup.VersionLoggerListener.log Command line argument: -Dorg.apache.catalina.security.SecurityListener.UMASK=0027
21-Apr-2021 23:16:30.417 INFO [main] org.apache.catalina.startup.VersionLoggerListener.log Command line argument: -Dignore.endorsed.dirs=
21-Apr-2021 23:16:30.417 INFO [main] org.apache.catalina.startup.VersionLoggerListener.log Command line argument: -Dcatalina.base=/Users/chau/FXUA/CMP663/14.Project/tomcat
21-Apr-2021 23:16:30.417 INFO [main] org.apache.catalina.startup.VersionLoggerListener.log Command line argument: -Dcatalina.home=/Users/chau/FXUA/CMP663/14.Project/tomcat
21-Apr-2021 23:16:30.417 INFO [main] org.apache.catalina.startup.VersionLoggerListener.log Command line argument: -Djava.io.tmpdir=/Users/chau/FXUA/CMP663/14.Project/tomcat/temp
21-Apr-2021 23:16:30.421 INFO [main] org.apache.catalina.core.AprLifecycleListener.lifecycleEvent The Apache Tomcat Native library which allows using OpenSSL was not found on the java.library.path: [/Users/chau/Library/Java/Extensions:/Library/Java/Extensions:/Network/Library/Java/Extensions:/System/Library/Java/Extensions:/usr/lib/java:.]
21-Apr-2021 23:16:30.926 INFO [main] org.apache.coyote.AbstractProtocol.init Initializing ProtocolHandler ["http-nio-9091"]
21-Apr-2021 23:16:31.027 INFO [main] org.apache.catalina.startup.Catalina.load Server initialization in [1237] milliseconds
21-Apr-2021 23:16:31.094 INFO [main] org.apache.catalina.core.StandardService.startInternal Starting service [Catalina]
21-Apr-2021 23:16:31.094 INFO [main] org.apache.catalina.core.StandardEngine.startInternal Starting Servlet engine: [Apache Tomcat/9.0.45]
21-Apr-2021 23:16:31.109 INFO [main] org.apache.catalina.startup.HostConfig.deployDirectory Deploying web application directory [/Users/chau/FXUA/CMP663/14.Project/tomcat/webapps/FinalProject]
21-Apr-2021 23:16:31.677 INFO [main] org.apache.catalina.startup.HostConfig.deployDirectory Deployment of web application directory [/Users/chau/FXUA/CMP663/14.Project/tomcat/webapps/FinalProject] has finished in [566] ms
21-Apr-2021 23:16:31.677 INFO [main] org.apache.catalina.startup.HostConfig.deployDirectory Deploying web application directory [/Users/chau/FXUA/CMP663/14.Project/tomcat/webapps/docs]
21-Apr-2021 23:16:31.711 INFO [main] org.apache.catalina.startup.HostConfig.deployDirectory Deployment of web application directory [/Users/chau/FXUA/CMP663/14.Project/tomcat/webapps/docs] has finished in [33] ms
21-Apr-2021 23:16:31.711 INFO [main] org.apache.catalina.startup.HostConfig.deployDirectory Deploying web application directory [/Users/chau/FXUA/CMP663/14.Project/tomcat/webapps/manager]
21-Apr-2021 23:16:31.779 INFO [main] org.apache.catalina.startup.HostConfig.deployDirectory Deployment of web application directory [/Users/chau/FXUA/CMP663/14.Project/tomcat/webapps/manager] has finished in [68] ms
21-Apr-2021 23:16:31.780 INFO [main] org.apache.catalina.startup.HostConfig.deployDirectory Deploying web application directory [/Users/chau/FXUA/CMP663/14.Project/tomcat/webapps/examples]
21-Apr-2021 23:16:32.248 INFO [main] org.apache.catalina.startup.HostConfig.deployDirectory Deployment of web application directory [/Users/chau/FXUA/CMP663/14.Project/tomcat/webapps/examples] has finished in [467] ms
21-Apr-2021 23:16:32.248 INFO [main] org.apache.catalina.startup.HostConfig.deployDirectory Deploying web application directory [/Users/chau/FXUA/CMP663/14.Project/tomcat/webapps/ROOT]
21-Apr-2021 23:16:32.275 INFO [main] org.apache.catalina.startup.HostConfig.deployDirectory Deployment of web application directory [/Users/chau/FXUA/CMP663/14.Project/tomcat/webapps/ROOT] has finished in [27] ms
21-Apr-2021 23:16:32.275 INFO [main] org.apache.catalina.startup.HostConfig.deployDirectory Deploying web application directory [/Users/chau/FXUA/CMP663/14.Project/tomcat/webapps/host-manager]
21-Apr-2021 23:16:32.305 INFO [main] org.apache.catalina.startup.HostConfig.deployDirectory Deployment of web application directory [/Users/chau/FXUA/CMP663/14.Project/tomcat/webapps/host-manager] has finished in [30] ms
21-Apr-2021 23:16:32.310 INFO [main] org.apache.coyote.AbstractProtocol.start Starting ProtocolHandler ["http-nio-9091"]
21-Apr-2021 23:16:32.324 INFO [main] org.apache.catalina.startup.Catalina.start Server startup in [1296] milliseconds
21-Apr-2021 23:18:57.218 INFO [main] org.apache.catalina.core.StandardServer.await A valid shutdown command was received via the shutdown port. Stopping the Server instance.
21-Apr-2021 23:18:57.219 INFO [main] org.apache.coyote.AbstractProtocol.pause Pausing ProtocolHandler ["http-nio-9091"]
21-Apr-2021 23:18:57.223 INFO [main] org.apache.catalina.core.StandardService.stopInternal Stopping service [Catalina]
21-Apr-2021 23:18:57.263 INFO [main] org.apache.coyote.AbstractProtocol.stop Stopping ProtocolHandler ["http-nio-9091"]
21-Apr-2021 23:18:57.280 INFO [main] org.apache.coyote.AbstractProtocol.destroy Destroying ProtocolHandler ["http-nio-9091"]
NOTE: Picked up JDK_JAVA_OPTIONS:  --add-opens=java.base/java.lang=ALL-UNNAMED --add-opens=java.base/java.io=ALL-UNNAMED --add-opens=java.base/java.util=ALL-UNNAMED --add-opens=java.base/java.util.concurrent=ALL-UNNAMED --add-opens=java.rmi/sun.rmi.transport=ALL-UNNAMED
09-May-2021 23:46:59.415 INFO [main] org.apache.catalina.startup.VersionLoggerListener.log Server version name:   Apache Tomcat/9.0.45
09-May-2021 23:46:59.421 INFO [main] org.apache.catalina.startup.VersionLoggerListener.log Server built:          Mar 30 2021 10:29:04 UTC
09-May-2021 23:46:59.421 INFO [main] org.apache.catalina.startup.VersionLoggerListener.log Server version number: 9.0.45.0
09-May-2021 23:46:59.422 INFO [main] org.apache.catalina.startup.VersionLoggerListener.log OS Name:               Mac OS X
09-May-2021 23:46:59.422 INFO [main] org.apache.catalina.startup.VersionLoggerListener.log OS Version:            10.14.6
09-May-2021 23:46:59.422 INFO [main] org.apache.catalina.startup.VersionLoggerListener.log Architecture:          x86_64
09-May-2021 23:46:59.422 INFO [main] org.apache.catalina.startup.VersionLoggerListener.log Java Home:             /Library/Java/JavaVirtualMachines/adoptopenjdk-15.jdk/Contents/Home
09-May-2021 23:46:59.422 INFO [main] org.apache.catalina.startup.VersionLoggerListener.log JVM Version:           15.0.2+7
09-May-2021 23:46:59.422 INFO [main] org.apache.catalina.startup.VersionLoggerListener.log JVM Vendor:            AdoptOpenJDK
09-May-2021 23:46:59.423 INFO [main] org.apache.catalina.startup.VersionLoggerListener.log CATALINA_BASE:         /Users/chau/workplace/Journal_WebPage/tomcat
09-May-2021 23:46:59.423 INFO [main] org.apache.catalina.startup.VersionLoggerListener.log CATALINA_HOME:         /Users/chau/workplace/Journal_WebPage/tomcat
09-May-2021 23:46:59.443 INFO [main] org.apache.catalina.startup.VersionLoggerListener.log Command line argument: --add-opens=java.base/java.lang=ALL-UNNAMED
09-May-2021 23:46:59.444 INFO [main] org.apache.catalina.startup.VersionLoggerListener.log Command line argument: --add-opens=java.base/java.io=ALL-UNNAMED
09-May-2021 23:46:59.444 INFO [main] org.apache.catalina.startup.VersionLoggerListener.log Command line argument: --add-opens=java.base/java.util=ALL-UNNAMED
09-May-2021 23:46:59.444 INFO [main] org.apache.catalina.startup.VersionLoggerListener.log Command line argument: --add-opens=java.base/java.util.concurrent=ALL-UNNAMED
09-May-2021 23:46:59.444 INFO [main] org.apache.catalina.startup.VersionLoggerListener.log Command line argument: --add-opens=java.rmi/sun.rmi.transport=ALL-UNNAMED
09-May-2021 23:46:59.444 INFO [main] org.apache.catalina.startup.VersionLoggerListener.log Command line argument: -Djava.util.logging.config.file=/Users/chau/workplace/Journal_WebPage/tomcat/conf/logging.properties
09-May-2021 23:46:59.445 INFO [main] org.apache.catalina.startup.VersionLoggerListener.log Command line argument: -Djava.util.logging.manager=org.apache.juli.ClassLoaderLogManager
09-May-2021 23:46:59.445 INFO [main] org.apache.catalina.startup.VersionLoggerListener.log Command line argument: -Djdk.tls.ephemeralDHKeySize=2048
09-May-2021 23:46:59.445 INFO [main] org.apache.catalina.startup.VersionLoggerListener.log Command line argument: -Djava.protocol.handler.pkgs=org.apache.catalina.webresources
09-May-2021 23:46:59.445 INFO [main] org.apache.catalina.startup.VersionLoggerListener.log Command line argument: -Dorg.apache.catalina.security.SecurityListener.UMASK=0027
09-May-2021 23:46:59.445 INFO [main] org.apache.catalina.startup.VersionLoggerListener.log Command line argument: -Dignore.endorsed.dirs=
09-May-2021 23:46:59.445 INFO [main] org.apache.catalina.startup.VersionLoggerListener.log Command line argument: -Dcatalina.base=/Users/chau/workplace/Journal_WebPage/tomcat
09-May-2021 23:46:59.446 INFO [main] org.apache.catalina.startup.VersionLoggerListener.log Command line argument: -Dcatalina.home=/Users/chau/workplace/Journal_WebPage/tomcat
09-May-2021 23:46:59.446 INFO [main] org.apache.catalina.startup.VersionLoggerListener.log Command line argument: -Djava.io.tmpdir=/Users/chau/workplace/Journal_WebPage/tomcat/temp
09-May-2021 23:46:59.453 INFO [main] org.apache.catalina.core.AprLifecycleListener.lifecycleEvent The Apache Tomcat Native library which allows using OpenSSL was not found on the java.library.path: [/Users/chau/Library/Java/Extensions:/Library/Java/Extensions:/Network/Library/Java/Extensions:/System/Library/Java/Extensions:/usr/lib/java:.]
09-May-2021 23:46:59.878 INFO [main] org.apache.coyote.AbstractProtocol.init Initializing ProtocolHandler ["http-nio-9091"]
09-May-2021 23:46:59.968 INFO [main] org.apache.catalina.startup.Catalina.load Server initialization in [941] milliseconds
09-May-2021 23:47:00.022 INFO [main] org.apache.catalina.core.StandardService.startInternal Starting service [Catalina]
09-May-2021 23:47:00.023 INFO [main] org.apache.catalina.core.StandardEngine.startInternal Starting Servlet engine: [Apache Tomcat/9.0.45]
09-May-2021 23:47:00.037 INFO [main] org.apache.catalina.startup.HostConfig.deployDirectory Deploying web application directory [/Users/chau/workplace/Journal_WebPage/tomcat/webapps/FinalProject]
09-May-2021 23:47:00.537 INFO [main] org.apache.catalina.startup.HostConfig.deployDirectory Deployment of web application directory [/Users/chau/workplace/Journal_WebPage/tomcat/webapps/FinalProject] has finished in [499] ms
09-May-2021 23:47:00.537 INFO [main] org.apache.catalina.startup.HostConfig.deployDirectory Deploying web application directory [/Users/chau/workplace/Journal_WebPage/tomcat/webapps/docs]
09-May-2021 23:47:00.569 INFO [main] org.apache.catalina.startup.HostConfig.deployDirectory Deployment of web application directory [/Users/chau/workplace/Journal_WebPage/tomcat/webapps/docs] has finished in [31] ms
09-May-2021 23:47:00.569 INFO [main] org.apache.catalina.startup.HostConfig.deployDirectory Deploying web application directory [/Users/chau/workplace/Journal_WebPage/tomcat/webapps/manager]
09-May-2021 23:47:00.637 INFO [main] org.apache.catalina.startup.HostConfig.deployDirectory Deployment of web application directory [/Users/chau/workplace/Journal_WebPage/tomcat/webapps/manager] has finished in [68] ms
09-May-2021 23:47:00.637 INFO [main] org.apache.catalina.startup.HostConfig.deployDirectory Deploying web application directory [/Users/chau/workplace/Journal_WebPage/tomcat/webapps/examples]
09-May-2021 23:47:01.064 INFO [main] org.apache.catalina.startup.HostConfig.deployDirectory Deployment of web application directory [/Users/chau/workplace/Journal_WebPage/tomcat/webapps/examples] has finished in [427] ms
09-May-2021 23:47:01.064 INFO [main] org.apache.catalina.startup.HostConfig.deployDirectory Deploying web application directory [/Users/chau/workplace/Journal_WebPage/tomcat/webapps/ROOT]
09-May-2021 23:47:01.090 INFO [main] org.apache.catalina.startup.HostConfig.deployDirectory Deployment of web application directory [/Users/chau/workplace/Journal_WebPage/tomcat/webapps/ROOT] has finished in [26] ms
09-May-2021 23:47:01.090 INFO [main] org.apache.catalina.startup.HostConfig.deployDirectory Deploying web application directory [/Users/chau/workplace/Journal_WebPage/tomcat/webapps/host-manager]
09-May-2021 23:47:01.123 INFO [main] org.apache.catalina.startup.HostConfig.deployDirectory Deployment of web application directory [/Users/chau/workplace/Journal_WebPage/tomcat/webapps/host-manager] has finished in [32] ms
09-May-2021 23:47:01.128 INFO [main] org.apache.coyote.AbstractProtocol.start Starting ProtocolHandler ["http-nio-9091"]
09-May-2021 23:47:01.147 INFO [main] org.apache.catalina.startup.Catalina.start Server startup in [1178] milliseconds
NOTE: Picked up JDK_JAVA_OPTIONS:  --add-opens=java.base/java.lang=ALL-UNNAMED --add-opens=java.base/java.io=ALL-UNNAMED --add-opens=java.base/java.util=ALL-UNNAMED --add-opens=java.base/java.util.concurrent=ALL-UNNAMED --add-opens=java.rmi/sun.rmi.transport=ALL-UNNAMED
25-May-2021 05:47:54.184 INFO [main] org.apache.catalina.startup.VersionLoggerListener.log Server version name:   Apache Tomcat/9.0.45
25-May-2021 05:47:54.190 INFO [main] org.apache.catalina.startup.VersionLoggerListener.log Server built:          Mar 30 2021 10:29:04 UTC
25-May-2021 05:47:54.190 INFO [main] org.apache.catalina.startup.VersionLoggerListener.log Server version number: 9.0.45.0
25-May-2021 05:47:54.190 INFO [main] org.apache.catalina.startup.VersionLoggerListener.log OS Name:               Mac OS X
25-May-2021 05:47:54.190 INFO [main] org.apache.catalina.startup.VersionLoggerListener.log OS Version:            10.14.6
25-May-2021 05:47:54.191 INFO [main] org.apache.catalina.startup.VersionLoggerListener.log Architecture:          x86_64
25-May-2021 05:47:54.191 INFO [main] org.apache.catalina.startup.VersionLoggerListener.log Java Home:             /Library/Java/JavaVirtualMachines/adoptopenjdk-15.jdk/Contents/Home
25-May-2021 05:47:54.191 INFO [main] org.apache.catalina.startup.VersionLoggerListener.log JVM Version:           15.0.2+7
25-May-2021 05:47:54.192 INFO [main] org.apache.catalina.startup.VersionLoggerListener.log JVM Vendor:            AdoptOpenJDK
25-May-2021 05:47:54.192 INFO [main] org.apache.catalina.startup.VersionLoggerListener.log CATALINA_BASE:         /Users/chau/workplace/Journal_WebPage/tomcat
25-May-2021 05:47:54.192 INFO [main] org.apache.catalina.startup.VersionLoggerListener.log CATALINA_HOME:         /Users/chau/workplace/Journal_WebPage/tomcat
25-May-2021 05:47:54.239 INFO [main] org.apache.catalina.startup.VersionLoggerListener.log Command line argument: --add-opens=java.base/java.lang=ALL-UNNAMED
25-May-2021 05:47:54.239 INFO [main] org.apache.catalina.startup.VersionLoggerListener.log Command line argument: --add-opens=java.base/java.io=ALL-UNNAMED
25-May-2021 05:47:54.239 INFO [main] org.apache.catalina.startup.VersionLoggerListener.log Command line argument: --add-opens=java.base/java.util=ALL-UNNAMED
25-May-2021 05:47:54.239 INFO [main] org.apache.catalina.startup.VersionLoggerListener.log Command line argument: --add-opens=java.base/java.util.concurrent=ALL-UNNAMED
25-May-2021 05:47:54.240 INFO [main] org.apache.catalina.startup.VersionLoggerListener.log Command line argument: --add-opens=java.rmi/sun.rmi.transport=ALL-UNNAMED
25-May-2021 05:47:54.240 INFO [main] org.apache.catalina.startup.VersionLoggerListener.log Command line argument: -Djava.util.logging.config.file=/Users/chau/workplace/Journal_WebPage/tomcat/conf/logging.properties
25-May-2021 05:47:54.240 INFO [main] org.apache.catalina.startup.VersionLoggerListener.log Command line argument: -Djava.util.logging.manager=org.apache.juli.ClassLoaderLogManager
25-May-2021 05:47:54.240 INFO [main] org.apache.catalina.startup.VersionLoggerListener.log Command line argument: -Djdk.tls.ephemeralDHKeySize=2048
25-May-2021 05:47:54.240 INFO [main] org.apache.catalina.startup.VersionLoggerListener.log Command line argument: -Djava.protocol.handler.pkgs=org.apache.catalina.webresources
25-May-2021 05:47:54.240 INFO [main] org.apache.catalina.startup.VersionLoggerListener.log Command line argument: -Dorg.apache.catalina.security.SecurityListener.UMASK=0027
25-May-2021 05:47:54.240 INFO [main] org.apache.catalina.startup.VersionLoggerListener.log Command line argument: -Dignore.endorsed.dirs=
25-May-2021 05:47:54.241 INFO [main] org.apache.catalina.startup.VersionLoggerListener.log Command line argument: -Dcatalina.base=/Users/chau/workplace/Journal_WebPage/tomcat
25-May-2021 05:47:54.241 INFO [main] org.apache.catalina.startup.VersionLoggerListener.log Command line argument: -Dcatalina.home=/Users/chau/workplace/Journal_WebPage/tomcat
25-May-2021 05:47:54.241 INFO [main] org.apache.catalina.startup.VersionLoggerListener.log Command line argument: -Djava.io.tmpdir=/Users/chau/workplace/Journal_WebPage/tomcat/temp
25-May-2021 05:47:54.246 INFO [main] org.apache.catalina.core.AprLifecycleListener.lifecycleEvent The Apache Tomcat Native library which allows using OpenSSL was not found on the java.library.path: [/Users/chau/Library/Java/Extensions:/Library/Java/Extensions:/Network/Library/Java/Extensions:/System/Library/Java/Extensions:/usr/lib/java:.]
25-May-2021 05:47:54.656 INFO [main] org.apache.coyote.AbstractProtocol.init Initializing ProtocolHandler ["http-nio-9091"]
25-May-2021 05:47:54.707 INFO [main] org.apache.catalina.startup.Catalina.load Server initialization in [896] milliseconds
25-May-2021 05:47:54.759 INFO [main] org.apache.catalina.core.StandardService.startInternal Starting service [Catalina]
25-May-2021 05:47:54.759 INFO [main] org.apache.catalina.core.StandardEngine.startInternal Starting Servlet engine: [Apache Tomcat/9.0.45]
25-May-2021 05:47:54.773 INFO [main] org.apache.catalina.startup.HostConfig.deployDirectory Deploying web application directory [/Users/chau/workplace/Journal_WebPage/tomcat/webapps/FinalProject]
25-May-2021 05:47:55.243 INFO [main] org.apache.catalina.startup.HostConfig.deployDirectory Deployment of web application directory [/Users/chau/workplace/Journal_WebPage/tomcat/webapps/FinalProject] has finished in [469] ms
25-May-2021 05:47:55.243 INFO [main] org.apache.catalina.startup.HostConfig.deployDirectory Deploying web application directory [/Users/chau/workplace/Journal_WebPage/tomcat/webapps/docs]
25-May-2021 05:47:55.270 INFO [main] org.apache.catalina.startup.HostConfig.deployDirectory Deployment of web application directory [/Users/chau/workplace/Journal_WebPage/tomcat/webapps/docs] has finished in [26] ms
25-May-2021 05:47:55.270 INFO [main] org.apache.catalina.startup.HostConfig.deployDirectory Deploying web application directory [/Users/chau/workplace/Journal_WebPage/tomcat/webapps/manager]
25-May-2021 05:47:55.332 INFO [main] org.apache.catalina.startup.HostConfig.deployDirectory Deployment of web application directory [/Users/chau/workplace/Journal_WebPage/tomcat/webapps/manager] has finished in [61] ms
25-May-2021 05:47:55.332 INFO [main] org.apache.catalina.startup.HostConfig.deployDirectory Deploying web application directory [/Users/chau/workplace/Journal_WebPage/tomcat/webapps/examples]
25-May-2021 05:47:55.728 INFO [main] org.apache.catalina.startup.HostConfig.deployDirectory Deployment of web application directory [/Users/chau/workplace/Journal_WebPage/tomcat/webapps/examples] has finished in [395] ms
25-May-2021 05:47:55.728 INFO [main] org.apache.catalina.startup.HostConfig.deployDirectory Deploying web application directory [/Users/chau/workplace/Journal_WebPage/tomcat/webapps/ROOT]
25-May-2021 05:47:55.751 INFO [main] org.apache.catalina.startup.HostConfig.deployDirectory Deployment of web application directory [/Users/chau/workplace/Journal_WebPage/tomcat/webapps/ROOT] has finished in [22] ms
25-May-2021 05:47:55.751 INFO [main] org.apache.catalina.startup.HostConfig.deployDirectory Deploying web application directory [/Users/chau/workplace/Journal_WebPage/tomcat/webapps/host-manager]
25-May-2021 05:47:55.776 INFO [main] org.apache.catalina.startup.HostConfig.deployDirectory Deployment of web application directory [/Users/chau/workplace/Journal_WebPage/tomcat/webapps/host-manager] has finished in [24] ms
25-May-2021 05:47:55.781 INFO [main] org.apache.coyote.AbstractProtocol.start Starting ProtocolHandler ["http-nio-9091"]
25-May-2021 05:47:55.794 INFO [main] org.apache.catalina.startup.Catalina.start Server startup in [1087] milliseconds
NOTE: Picked up JDK_JAVA_OPTIONS:  --add-opens=java.base/java.lang=ALL-UNNAMED --add-opens=java.base/java.io=ALL-UNNAMED --add-opens=java.base/java.util=ALL-UNNAMED --add-opens=java.base/java.util.concurrent=ALL-UNNAMED --add-opens=java.rmi/sun.rmi.transport=ALL-UNNAMED
25-May-2021 06:06:42.187 INFO [main] org.apache.catalina.startup.VersionLoggerListener.log Server version name:   Apache Tomcat/9.0.45
25-May-2021 06:06:42.193 INFO [main] org.apache.catalina.startup.VersionLoggerListener.log Server built:          Mar 30 2021 10:29:04 UTC
25-May-2021 06:06:42.193 INFO [main] org.apache.catalina.startup.VersionLoggerListener.log Server version number: 9.0.45.0
25-May-2021 06:06:42.193 INFO [main] org.apache.catalina.startup.VersionLoggerListener.log OS Name:               Mac OS X
25-May-2021 06:06:42.193 INFO [main] org.apache.catalina.startup.VersionLoggerListener.log OS Version:            10.14.6
25-May-2021 06:06:42.194 INFO [main] org.apache.catalina.startup.VersionLoggerListener.log Architecture:          x86_64
25-May-2021 06:06:42.194 INFO [main] org.apache.catalina.startup.VersionLoggerListener.log Java Home:             /Library/Java/JavaVirtualMachines/adoptopenjdk-15.jdk/Contents/Home
25-May-2021 06:06:42.194 INFO [main] org.apache.catalina.startup.VersionLoggerListener.log JVM Version:           15.0.2+7
25-May-2021 06:06:42.194 INFO [main] org.apache.catalina.startup.VersionLoggerListener.log JVM Vendor:            AdoptOpenJDK
25-May-2021 06:06:42.194 INFO [main] org.apache.catalina.startup.VersionLoggerListener.log CATALINA_BASE:         /Users/chau/workplace/Journal_WebPage/tomcat
25-May-2021 06:06:42.195 INFO [main] org.apache.catalina.startup.VersionLoggerListener.log CATALINA_HOME:         /Users/chau/workplace/Journal_WebPage/tomcat
25-May-2021 06:06:42.214 INFO [main] org.apache.catalina.startup.VersionLoggerListener.log Command line argument: --add-opens=java.base/java.lang=ALL-UNNAMED
25-May-2021 06:06:42.214 INFO [main] org.apache.catalina.startup.VersionLoggerListener.log Command line argument: --add-opens=java.base/java.io=ALL-UNNAMED
25-May-2021 06:06:42.215 INFO [main] org.apache.catalina.startup.VersionLoggerListener.log Command line argument: --add-opens=java.base/java.util=ALL-UNNAMED
25-May-2021 06:06:42.215 INFO [main] org.apache.catalina.startup.VersionLoggerListener.log Command line argument: --add-opens=java.base/java.util.concurrent=ALL-UNNAMED
25-May-2021 06:06:42.215 INFO [main] org.apache.catalina.startup.VersionLoggerListener.log Command line argument: --add-opens=java.rmi/sun.rmi.transport=ALL-UNNAMED
25-May-2021 06:06:42.215 INFO [main] org.apache.catalina.startup.VersionLoggerListener.log Command line argument: -Djava.util.logging.config.file=/Users/chau/workplace/Journal_WebPage/tomcat/conf/logging.properties
25-May-2021 06:06:42.215 INFO [main] org.apache.catalina.startup.VersionLoggerListener.log Command line argument: -Djava.util.logging.manager=org.apache.juli.ClassLoaderLogManager
25-May-2021 06:06:42.215 INFO [main] org.apache.catalina.startup.VersionLoggerListener.log Command line argument: -Djdk.tls.ephemeralDHKeySize=2048
25-May-2021 06:06:42.216 INFO [main] org.apache.catalina.startup.VersionLoggerListener.log Command line argument: -Djava.protocol.handler.pkgs=org.apache.catalina.webresources
25-May-2021 06:06:42.216 INFO [main] org.apache.catalina.startup.VersionLoggerListener.log Command line argument: -Dorg.apache.catalina.security.SecurityListener.UMASK=0027
25-May-2021 06:06:42.216 INFO [main] org.apache.catalina.startup.VersionLoggerListener.log Command line argument: -Dignore.endorsed.dirs=
25-May-2021 06:06:42.216 INFO [main] org.apache.catalina.startup.VersionLoggerListener.log Command line argument: -Dcatalina.base=/Users/chau/workplace/Journal_WebPage/tomcat
25-May-2021 06:06:42.216 INFO [main] org.apache.catalina.startup.VersionLoggerListener.log Command line argument: -Dcatalina.home=/Users/chau/workplace/Journal_WebPage/tomcat
25-May-2021 06:06:42.216 INFO [main] org.apache.catalina.startup.VersionLoggerListener.log Command line argument: -Djava.io.tmpdir=/Users/chau/workplace/Journal_WebPage/tomcat/temp
25-May-2021 06:06:42.219 INFO [main] org.apache.catalina.core.AprLifecycleListener.lifecycleEvent The Apache Tomcat Native library which allows using OpenSSL was not found on the java.library.path: [/Users/chau/Library/Java/Extensions:/Library/Java/Extensions:/Network/Library/Java/Extensions:/System/Library/Java/Extensions:/usr/lib/java:.]
25-May-2021 06:06:42.638 INFO [main] org.apache.coyote.AbstractProtocol.init Initializing ProtocolHandler ["http-nio-9091"]
25-May-2021 06:06:42.685 SEVERE [main] org.apache.catalina.util.LifecycleBase.handleSubClassException Failed to initialize component [Connector[HTTP/1.1-9091]]
	org.apache.catalina.LifecycleException: Protocol handler initialization failed
		at org.apache.catalina.connector.Connector.initInternal(Connector.java:1048)
		at org.apache.catalina.util.LifecycleBase.init(LifecycleBase.java:136)
		at org.apache.catalina.core.StandardService.initInternal(StandardService.java:556)
		at org.apache.catalina.util.LifecycleBase.init(LifecycleBase.java:136)
		at org.apache.catalina.core.StandardServer.initInternal(StandardServer.java:1045)
		at org.apache.catalina.util.LifecycleBase.init(LifecycleBase.java:136)
		at org.apache.catalina.startup.Catalina.load(Catalina.java:724)
		at org.apache.catalina.startup.Catalina.load(Catalina.java:746)
		at java.base/jdk.internal.reflect.NativeMethodAccessorImpl.invoke0(Native Method)
		at java.base/jdk.internal.reflect.NativeMethodAccessorImpl.invoke(NativeMethodAccessorImpl.java:64)
		at java.base/jdk.internal.reflect.DelegatingMethodAccessorImpl.invoke(DelegatingMethodAccessorImpl.java:43)
		at java.base/java.lang.reflect.Method.invoke(Method.java:564)
		at org.apache.catalina.startup.Bootstrap.load(Bootstrap.java:302)
		at org.apache.catalina.startup.Bootstrap.main(Bootstrap.java:472)
	Caused by: java.net.BindException: Address already in use
		at java.base/sun.nio.ch.Net.bind0(Native Method)
		at java.base/sun.nio.ch.Net.bind(Net.java:550)
		at java.base/sun.nio.ch.ServerSocketChannelImpl.bind(ServerSocketChannelImpl.java:249)
		at org.apache.tomcat.util.net.NioEndpoint.initServerSocket(NioEndpoint.java:300)
		at org.apache.tomcat.util.net.NioEndpoint.bind(NioEndpoint.java:253)
		at org.apache.tomcat.util.net.AbstractEndpoint.bindWithCleanup(AbstractEndpoint.java:1204)
		at org.apache.tomcat.util.net.AbstractEndpoint.init(AbstractEndpoint.java:1217)
		at org.apache.coyote.AbstractProtocol.init(AbstractProtocol.java:603)
		at org.apache.coyote.http11.AbstractHttp11Protocol.init(AbstractHttp11Protocol.java:80)
		at org.apache.catalina.connector.Connector.initInternal(Connector.java:1045)
		... 13 more
25-May-2021 06:06:42.686 INFO [main] org.apache.catalina.startup.Catalina.load Server initialization in [809] milliseconds
25-May-2021 06:06:42.767 INFO [main] org.apache.catalina.core.StandardService.startInternal Starting service [Catalina]
25-May-2021 06:06:42.768 INFO [main] org.apache.catalina.core.StandardEngine.startInternal Starting Servlet engine: [Apache Tomcat/9.0.45]
25-May-2021 06:06:42.784 INFO [main] org.apache.catalina.startup.HostConfig.deployDirectory Deploying web application directory [/Users/chau/workplace/Journal_WebPage/tomcat/webapps/FinalProject]
25-May-2021 06:06:43.193 INFO [main] org.apache.catalina.startup.HostConfig.deployDirectory Deployment of web application directory [/Users/chau/workplace/Journal_WebPage/tomcat/webapps/FinalProject] has finished in [411] ms
25-May-2021 06:06:43.194 INFO [main] org.apache.catalina.startup.HostConfig.deployDirectory Deploying web application directory [/Users/chau/workplace/Journal_WebPage/tomcat/webapps/docs]
25-May-2021 06:06:43.224 INFO [main] org.apache.catalina.startup.HostConfig.deployDirectory Deployment of web application directory [/Users/chau/workplace/Journal_WebPage/tomcat/webapps/docs] has finished in [30] ms
25-May-2021 06:06:43.224 INFO [main] org.apache.catalina.startup.HostConfig.deployDirectory Deploying web application directory [/Users/chau/workplace/Journal_WebPage/tomcat/webapps/manager]
25-May-2021 06:06:43.282 INFO [main] org.apache.catalina.startup.HostConfig.deployDirectory Deployment of web application directory [/Users/chau/workplace/Journal_WebPage/tomcat/webapps/manager] has finished in [58] ms
25-May-2021 06:06:43.283 INFO [main] org.apache.catalina.startup.HostConfig.deployDirectory Deploying web application directory [/Users/chau/workplace/Journal_WebPage/tomcat/webapps/examples]
25-May-2021 06:06:43.705 INFO [main] org.apache.catalina.startup.HostConfig.deployDirectory Deployment of web application directory [/Users/chau/workplace/Journal_WebPage/tomcat/webapps/examples] has finished in [422] ms
25-May-2021 06:06:43.706 INFO [main] org.apache.catalina.startup.HostConfig.deployDirectory Deploying web application directory [/Users/chau/workplace/Journal_WebPage/tomcat/webapps/ROOT]
25-May-2021 06:06:43.728 INFO [main] org.apache.catalina.startup.HostConfig.deployDirectory Deployment of web application directory [/Users/chau/workplace/Journal_WebPage/tomcat/webapps/ROOT] has finished in [22] ms
25-May-2021 06:06:43.728 INFO [main] org.apache.catalina.startup.HostConfig.deployDirectory Deploying web application directory [/Users/chau/workplace/Journal_WebPage/tomcat/webapps/host-manager]
25-May-2021 06:06:43.752 INFO [main] org.apache.catalina.startup.HostConfig.deployDirectory Deployment of web application directory [/Users/chau/workplace/Journal_WebPage/tomcat/webapps/host-manager] has finished in [23] ms
25-May-2021 06:06:43.756 INFO [main] org.apache.catalina.startup.Catalina.start Server startup in [1068] milliseconds
25-May-2021 06:06:43.762 SEVERE [main] org.apache.catalina.core.StandardServer.await Failed to create server shutdown socket on address [localhost] and port [8005] (base port [8005] and offset [0])
	java.net.BindException: Address already in use
		at java.base/sun.nio.ch.Net.bind0(Native Method)
		at java.base/sun.nio.ch.Net.bind(Net.java:550)
		at java.base/sun.nio.ch.Net.bind(Net.java:539)
		at java.base/sun.nio.ch.NioSocketImpl.bind(NioSocketImpl.java:643)
		at java.base/java.net.ServerSocket.bind(ServerSocket.java:396)
		at java.base/java.net.ServerSocket.<init>(ServerSocket.java:282)
		at org.apache.catalina.core.StandardServer.await(StandardServer.java:584)
		at org.apache.catalina.startup.Catalina.await(Catalina.java:864)
		at org.apache.catalina.startup.Catalina.start(Catalina.java:810)
		at java.base/jdk.internal.reflect.NativeMethodAccessorImpl.invoke0(Native Method)
		at java.base/jdk.internal.reflect.NativeMethodAccessorImpl.invoke(NativeMethodAccessorImpl.java:64)
		at java.base/jdk.internal.reflect.DelegatingMethodAccessorImpl.invoke(DelegatingMethodAccessorImpl.java:43)
		at java.base/java.lang.reflect.Method.invoke(Method.java:564)
		at org.apache.catalina.startup.Bootstrap.start(Bootstrap.java:342)
		at org.apache.catalina.startup.Bootstrap.main(Bootstrap.java:473)
25-May-2021 06:06:43.762 INFO [main] org.apache.coyote.AbstractProtocol.pause Pausing ProtocolHandler ["http-nio-9091"]
25-May-2021 06:06:43.762 INFO [main] org.apache.catalina.core.StandardService.stopInternal Stopping service [Catalina]
25-May-2021 06:06:43.788 INFO [main] org.apache.coyote.AbstractProtocol.stop Stopping ProtocolHandler ["http-nio-9091"]
25-May-2021 06:06:43.790 INFO [main] org.apache.coyote.AbstractProtocol.destroy Destroying ProtocolHandler ["http-nio-9091"]
25-May-2021 06:08:58.775 INFO [main] org.apache.catalina.core.StandardServer.await A valid shutdown command was received via the shutdown port. Stopping the Server instance.
25-May-2021 06:08:58.779 INFO [main] org.apache.coyote.AbstractProtocol.pause Pausing ProtocolHandler ["http-nio-9091"]
25-May-2021 06:08:58.785 INFO [main] org.apache.catalina.core.StandardService.stopInternal Stopping service [Catalina]
25-May-2021 06:08:58.839 INFO [main] org.apache.coyote.AbstractProtocol.stop Stopping ProtocolHandler ["http-nio-9091"]
25-May-2021 06:08:58.898 INFO [main] org.apache.coyote.AbstractProtocol.destroy Destroying ProtocolHandler ["http-nio-9091"]
NOTE: Picked up JDK_JAVA_OPTIONS:  --add-opens=java.base/java.lang=ALL-UNNAMED --add-opens=java.base/java.io=ALL-UNNAMED --add-opens=java.base/java.util=ALL-UNNAMED --add-opens=java.base/java.util.concurrent=ALL-UNNAMED --add-opens=java.rmi/sun.rmi.transport=ALL-UNNAMED
25-May-2021 06:09:27.778 INFO [main] org.apache.catalina.startup.VersionLoggerListener.log Server version name:   Apache Tomcat/9.0.45
25-May-2021 06:09:27.784 INFO [main] org.apache.catalina.startup.VersionLoggerListener.log Server built:          Mar 30 2021 10:29:04 UTC
25-May-2021 06:09:27.784 INFO [main] org.apache.catalina.startup.VersionLoggerListener.log Server version number: 9.0.45.0
25-May-2021 06:09:27.784 INFO [main] org.apache.catalina.startup.VersionLoggerListener.log OS Name:               Mac OS X
25-May-2021 06:09:27.785 INFO [main] org.apache.catalina.startup.VersionLoggerListener.log OS Version:            10.14.6
25-May-2021 06:09:27.785 INFO [main] org.apache.catalina.startup.VersionLoggerListener.log Architecture:          x86_64
25-May-2021 06:09:27.786 INFO [main] org.apache.catalina.startup.VersionLoggerListener.log Java Home:             /Library/Java/JavaVirtualMachines/adoptopenjdk-15.jdk/Contents/Home
25-May-2021 06:09:27.786 INFO [main] org.apache.catalina.startup.VersionLoggerListener.log JVM Version:           15.0.2+7
25-May-2021 06:09:27.786 INFO [main] org.apache.catalina.startup.VersionLoggerListener.log JVM Vendor:            AdoptOpenJDK
25-May-2021 06:09:27.786 INFO [main] org.apache.catalina.startup.VersionLoggerListener.log CATALINA_BASE:         /Users/chau/workplace/Journal_WebPage/tomcat
25-May-2021 06:09:27.787 INFO [main] org.apache.catalina.startup.VersionLoggerListener.log CATALINA_HOME:         /Users/chau/workplace/Journal_WebPage/tomcat
25-May-2021 06:09:27.810 INFO [main] org.apache.catalina.startup.VersionLoggerListener.log Command line argument: --add-opens=java.base/java.lang=ALL-UNNAMED
25-May-2021 06:09:27.810 INFO [main] org.apache.catalina.startup.VersionLoggerListener.log Command line argument: --add-opens=java.base/java.io=ALL-UNNAMED
25-May-2021 06:09:27.810 INFO [main] org.apache.catalina.startup.VersionLoggerListener.log Command line argument: --add-opens=java.base/java.util=ALL-UNNAMED
25-May-2021 06:09:27.811 INFO [main] org.apache.catalina.startup.VersionLoggerListener.log Command line argument: --add-opens=java.base/java.util.concurrent=ALL-UNNAMED
25-May-2021 06:09:27.811 INFO [main] org.apache.catalina.startup.VersionLoggerListener.log Command line argument: --add-opens=java.rmi/sun.rmi.transport=ALL-UNNAMED
25-May-2021 06:09:27.811 INFO [main] org.apache.catalina.startup.VersionLoggerListener.log Command line argument: -Djava.util.logging.config.file=/Users/chau/workplace/Journal_WebPage/tomcat/conf/logging.properties
25-May-2021 06:09:27.811 INFO [main] org.apache.catalina.startup.VersionLoggerListener.log Command line argument: -Djava.util.logging.manager=org.apache.juli.ClassLoaderLogManager
25-May-2021 06:09:27.811 INFO [main] org.apache.catalina.startup.VersionLoggerListener.log Command line argument: -Djdk.tls.ephemeralDHKeySize=2048
25-May-2021 06:09:27.811 INFO [main] org.apache.catalina.startup.VersionLoggerListener.log Command line argument: -Djava.protocol.handler.pkgs=org.apache.catalina.webresources
25-May-2021 06:09:27.812 INFO [main] org.apache.catalina.startup.VersionLoggerListener.log Command line argument: -Dorg.apache.catalina.security.SecurityListener.UMASK=0027
25-May-2021 06:09:27.812 INFO [main] org.apache.catalina.startup.VersionLoggerListener.log Command line argument: -Dignore.endorsed.dirs=
25-May-2021 06:09:27.812 INFO [main] org.apache.catalina.startup.VersionLoggerListener.log Command line argument: -Dcatalina.base=/Users/chau/workplace/Journal_WebPage/tomcat
25-May-2021 06:09:27.812 INFO [main] org.apache.catalina.startup.VersionLoggerListener.log Command line argument: -Dcatalina.home=/Users/chau/workplace/Journal_WebPage/tomcat
25-May-2021 06:09:27.812 INFO [main] org.apache.catalina.startup.VersionLoggerListener.log Command line argument: -Djava.io.tmpdir=/Users/chau/workplace/Journal_WebPage/tomcat/temp
25-May-2021 06:09:27.815 INFO [main] org.apache.catalina.core.AprLifecycleListener.lifecycleEvent The Apache Tomcat Native library which allows using OpenSSL was not found on the java.library.path: [/Users/chau/Library/Java/Extensions:/Library/Java/Extensions:/Network/Library/Java/Extensions:/System/Library/Java/Extensions:/usr/lib/java:.]
25-May-2021 06:09:28.287 INFO [main] org.apache.coyote.AbstractProtocol.init Initializing ProtocolHandler ["http-nio-9091"]
25-May-2021 06:09:28.350 INFO [main] org.apache.catalina.startup.Catalina.load Server initialization in [879] milliseconds
25-May-2021 06:09:28.413 INFO [main] org.apache.catalina.core.StandardService.startInternal Starting service [Catalina]
25-May-2021 06:09:28.414 INFO [main] org.apache.catalina.core.StandardEngine.startInternal Starting Servlet engine: [Apache Tomcat/9.0.45]
25-May-2021 06:09:28.426 INFO [main] org.apache.catalina.startup.HostConfig.deployDirectory Deploying web application directory [/Users/chau/workplace/Journal_WebPage/tomcat/webapps/FinalProject]
25-May-2021 06:09:28.876 INFO [main] org.apache.catalina.startup.HostConfig.deployDirectory Deployment of web application directory [/Users/chau/workplace/Journal_WebPage/tomcat/webapps/FinalProject] has finished in [449] ms
25-May-2021 06:09:28.876 INFO [main] org.apache.catalina.startup.HostConfig.deployDirectory Deploying web application directory [/Users/chau/workplace/Journal_WebPage/tomcat/webapps/docs]
25-May-2021 06:09:28.910 INFO [main] org.apache.catalina.startup.HostConfig.deployDirectory Deployment of web application directory [/Users/chau/workplace/Journal_WebPage/tomcat/webapps/docs] has finished in [34] ms
25-May-2021 06:09:28.910 INFO [main] org.apache.catalina.startup.HostConfig.deployDirectory Deploying web application directory [/Users/chau/workplace/Journal_WebPage/tomcat/webapps/manager]
25-May-2021 06:09:28.982 INFO [main] org.apache.catalina.startup.HostConfig.deployDirectory Deployment of web application directory [/Users/chau/workplace/Journal_WebPage/tomcat/webapps/manager] has finished in [72] ms
25-May-2021 06:09:28.983 INFO [main] org.apache.catalina.startup.HostConfig.deployDirectory Deploying web application directory [/Users/chau/workplace/Journal_WebPage/tomcat/webapps/examples]
25-May-2021 06:09:29.479 INFO [main] org.apache.catalina.startup.HostConfig.deployDirectory Deployment of web application directory [/Users/chau/workplace/Journal_WebPage/tomcat/webapps/examples] has finished in [496] ms
25-May-2021 06:09:29.479 INFO [main] org.apache.catalina.startup.HostConfig.deployDirectory Deploying web application directory [/Users/chau/workplace/Journal_WebPage/tomcat/webapps/ROOT]
25-May-2021 06:09:29.506 INFO [main] org.apache.catalina.startup.HostConfig.deployDirectory Deployment of web application directory [/Users/chau/workplace/Journal_WebPage/tomcat/webapps/ROOT] has finished in [27] ms
25-May-2021 06:09:29.506 INFO [main] org.apache.catalina.startup.HostConfig.deployDirectory Deploying web application directory [/Users/chau/workplace/Journal_WebPage/tomcat/webapps/host-manager]
25-May-2021 06:09:29.538 INFO [main] org.apache.catalina.startup.HostConfig.deployDirectory Deployment of web application directory [/Users/chau/workplace/Journal_WebPage/tomcat/webapps/host-manager] has finished in [32] ms
25-May-2021 06:09:29.543 INFO [main] org.apache.coyote.AbstractProtocol.start Starting ProtocolHandler ["http-nio-9091"]
25-May-2021 06:09:29.554 INFO [main] org.apache.catalina.startup.Catalina.start Server startup in [1203] milliseconds
25-May-2021 06:13:15.687 INFO [main] org.apache.catalina.core.StandardServer.await A valid shutdown command was received via the shutdown port. Stopping the Server instance.
25-May-2021 06:13:15.689 INFO [main] org.apache.coyote.AbstractProtocol.pause Pausing ProtocolHandler ["http-nio-9091"]
25-May-2021 06:13:15.694 INFO [main] org.apache.catalina.core.StandardService.stopInternal Stopping service [Catalina]
25-May-2021 06:13:15.729 INFO [main] org.apache.coyote.AbstractProtocol.stop Stopping ProtocolHandler ["http-nio-9091"]
25-May-2021 06:13:15.751 INFO [main] org.apache.coyote.AbstractProtocol.destroy Destroying ProtocolHandler ["http-nio-9091"]
NOTE: Picked up JDK_JAVA_OPTIONS:  --add-opens=java.base/java.lang=ALL-UNNAMED --add-opens=java.base/java.io=ALL-UNNAMED --add-opens=java.base/java.util=ALL-UNNAMED --add-opens=java.base/java.util.concurrent=ALL-UNNAMED --add-opens=java.rmi/sun.rmi.transport=ALL-UNNAMED
25-May-2021 06:13:18.169 INFO [main] org.apache.catalina.startup.VersionLoggerListener.log Server version name:   Apache Tomcat/9.0.45
25-May-2021 06:13:18.174 INFO [main] org.apache.catalina.startup.VersionLoggerListener.log Server built:          Mar 30 2021 10:29:04 UTC
25-May-2021 06:13:18.174 INFO [main] org.apache.catalina.startup.VersionLoggerListener.log Server version number: 9.0.45.0
25-May-2021 06:13:18.174 INFO [main] org.apache.catalina.startup.VersionLoggerListener.log OS Name:               Mac OS X
25-May-2021 06:13:18.174 INFO [main] org.apache.catalina.startup.VersionLoggerListener.log OS Version:            10.14.6
25-May-2021 06:13:18.175 INFO [main] org.apache.catalina.startup.VersionLoggerListener.log Architecture:          x86_64
25-May-2021 06:13:18.175 INFO [main] org.apache.catalina.startup.VersionLoggerListener.log Java Home:             /Library/Java/JavaVirtualMachines/adoptopenjdk-15.jdk/Contents/Home
25-May-2021 06:13:18.175 INFO [main] org.apache.catalina.startup.VersionLoggerListener.log JVM Version:           15.0.2+7
25-May-2021 06:13:18.176 INFO [main] org.apache.catalina.startup.VersionLoggerListener.log JVM Vendor:            AdoptOpenJDK
25-May-2021 06:13:18.176 INFO [main] org.apache.catalina.startup.VersionLoggerListener.log CATALINA_BASE:         /Users/chau/workplace/Journal_WebPage/tomcat
25-May-2021 06:13:18.176 INFO [main] org.apache.catalina.startup.VersionLoggerListener.log CATALINA_HOME:         /Users/chau/workplace/Journal_WebPage/tomcat
25-May-2021 06:13:18.199 INFO [main] org.apache.catalina.startup.VersionLoggerListener.log Command line argument: --add-opens=java.base/java.lang=ALL-UNNAMED
25-May-2021 06:13:18.200 INFO [main] org.apache.catalina.startup.VersionLoggerListener.log Command line argument: --add-opens=java.base/java.io=ALL-UNNAMED
25-May-2021 06:13:18.200 INFO [main] org.apache.catalina.startup.VersionLoggerListener.log Command line argument: --add-opens=java.base/java.util=ALL-UNNAMED
25-May-2021 06:13:18.200 INFO [main] org.apache.catalina.startup.VersionLoggerListener.log Command line argument: --add-opens=java.base/java.util.concurrent=ALL-UNNAMED
25-May-2021 06:13:18.200 INFO [main] org.apache.catalina.startup.VersionLoggerListener.log Command line argument: --add-opens=java.rmi/sun.rmi.transport=ALL-UNNAMED
25-May-2021 06:13:18.200 INFO [main] org.apache.catalina.startup.VersionLoggerListener.log Command line argument: -Djava.util.logging.config.file=/Users/chau/workplace/Journal_WebPage/tomcat/conf/logging.properties
25-May-2021 06:13:18.201 INFO [main] org.apache.catalina.startup.VersionLoggerListener.log Command line argument: -Djava.util.logging.manager=org.apache.juli.ClassLoaderLogManager
25-May-2021 06:13:18.201 INFO [main] org.apache.catalina.startup.VersionLoggerListener.log Command line argument: -Djdk.tls.ephemeralDHKeySize=2048
25-May-2021 06:13:18.201 INFO [main] org.apache.catalina.startup.VersionLoggerListener.log Command line argument: -Djava.protocol.handler.pkgs=org.apache.catalina.webresources
25-May-2021 06:13:18.201 INFO [main] org.apache.catalina.startup.VersionLoggerListener.log Command line argument: -Dorg.apache.catalina.security.SecurityListener.UMASK=0027
25-May-2021 06:13:18.201 INFO [main] org.apache.catalina.startup.VersionLoggerListener.log Command line argument: -Dignore.endorsed.dirs=
25-May-2021 06:13:18.202 INFO [main] org.apache.catalina.startup.VersionLoggerListener.log Command line argument: -Dcatalina.base=/Users/chau/workplace/Journal_WebPage/tomcat
25-May-2021 06:13:18.202 INFO [main] org.apache.catalina.startup.VersionLoggerListener.log Command line argument: -Dcatalina.home=/Users/chau/workplace/Journal_WebPage/tomcat
25-May-2021 06:13:18.202 INFO [main] org.apache.catalina.startup.VersionLoggerListener.log Command line argument: -Djava.io.tmpdir=/Users/chau/workplace/Journal_WebPage/tomcat/temp
25-May-2021 06:13:18.204 INFO [main] org.apache.catalina.core.AprLifecycleListener.lifecycleEvent The Apache Tomcat Native library which allows using OpenSSL was not found on the java.library.path: [/Users/chau/Library/Java/Extensions:/Library/Java/Extensions:/Network/Library/Java/Extensions:/System/Library/Java/Extensions:/usr/lib/java:.]
25-May-2021 06:13:18.628 INFO [main] org.apache.coyote.AbstractProtocol.init Initializing ProtocolHandler ["http-nio-9091"]
25-May-2021 06:13:18.689 INFO [main] org.apache.catalina.startup.Catalina.load Server initialization in [807] milliseconds
25-May-2021 06:13:18.749 INFO [main] org.apache.catalina.core.StandardService.startInternal Starting service [Catalina]
25-May-2021 06:13:18.750 INFO [main] org.apache.catalina.core.StandardEngine.startInternal Starting Servlet engine: [Apache Tomcat/9.0.45]
25-May-2021 06:13:18.761 INFO [main] org.apache.catalina.startup.HostConfig.deployDirectory Deploying web application directory [/Users/chau/workplace/Journal_WebPage/tomcat/webapps/FinalProject]
25-May-2021 06:13:19.154 INFO [main] org.apache.catalina.startup.HostConfig.deployDirectory Deployment of web application directory [/Users/chau/workplace/Journal_WebPage/tomcat/webapps/FinalProject] has finished in [391] ms
25-May-2021 06:13:19.155 INFO [main] org.apache.catalina.startup.HostConfig.deployDirectory Deploying web application directory [/Users/chau/workplace/Journal_WebPage/tomcat/webapps/docs]
25-May-2021 06:13:19.189 INFO [main] org.apache.catalina.startup.HostConfig.deployDirectory Deployment of web application directory [/Users/chau/workplace/Journal_WebPage/tomcat/webapps/docs] has finished in [34] ms
25-May-2021 06:13:19.190 INFO [main] org.apache.catalina.startup.HostConfig.deployDirectory Deploying web application directory [/Users/chau/workplace/Journal_WebPage/tomcat/webapps/manager]
25-May-2021 06:13:19.249 INFO [main] org.apache.catalina.startup.HostConfig.deployDirectory Deployment of web application directory [/Users/chau/workplace/Journal_WebPage/tomcat/webapps/manager] has finished in [58] ms
25-May-2021 06:13:19.250 INFO [main] org.apache.catalina.startup.HostConfig.deployDirectory Deploying web application directory [/Users/chau/workplace/Journal_WebPage/tomcat/webapps/examples]
25-May-2021 06:13:19.675 INFO [main] org.apache.catalina.startup.HostConfig.deployDirectory Deployment of web application directory [/Users/chau/workplace/Journal_WebPage/tomcat/webapps/examples] has finished in [425] ms
25-May-2021 06:13:19.676 INFO [main] org.apache.catalina.startup.HostConfig.deployDirectory Deploying web application directory [/Users/chau/workplace/Journal_WebPage/tomcat/webapps/ROOT]
25-May-2021 06:13:19.715 INFO [main] org.apache.catalina.startup.HostConfig.deployDirectory Deployment of web application directory [/Users/chau/workplace/Journal_WebPage/tomcat/webapps/ROOT] has finished in [39] ms
25-May-2021 06:13:19.716 INFO [main] org.apache.catalina.startup.HostConfig.deployDirectory Deploying web application directory [/Users/chau/workplace/Journal_WebPage/tomcat/webapps/host-manager]
25-May-2021 06:13:19.761 INFO [main] org.apache.catalina.startup.HostConfig.deployDirectory Deployment of web application directory [/Users/chau/workplace/Journal_WebPage/tomcat/webapps/host-manager] has finished in [46] ms
25-May-2021 06:13:19.766 INFO [main] org.apache.coyote.AbstractProtocol.start Starting ProtocolHandler ["http-nio-9091"]
25-May-2021 06:13:19.778 INFO [main] org.apache.catalina.startup.Catalina.start Server startup in [1089] milliseconds
