21-Apr-2021 22:36:57.667 INFO [main] org.apache.catalina.core.ApplicationContext.log ContextListener: contextInitialized()
21-Apr-2021 22:36:57.668 INFO [main] org.apache.catalina.core.ApplicationContext.log SessionListener: contextInitialized()
21-Apr-2021 22:36:57.669 INFO [main] org.apache.catalina.core.ApplicationContext.log ContextListener: attributeAdded('StockTicker', 'async.Stockticker@7e3060d8')
21-Apr-2021 22:38:43.978 INFO [main] org.apache.catalina.core.ApplicationContext.log SessionListener: contextDestroyed()
21-Apr-2021 22:38:43.978 INFO [main] org.apache.catalina.core.ApplicationContext.log ContextListener: contextDestroyed()
21-Apr-2021 22:39:21.293 INFO [main] org.apache.catalina.core.ApplicationContext.log ContextListener: contextInitialized()
21-Apr-2021 22:39:21.294 INFO [main] org.apache.catalina.core.ApplicationContext.log SessionListener: contextInitialized()
21-Apr-2021 22:39:21.295 INFO [main] org.apache.catalina.core.ApplicationContext.log ContextListener: attributeAdded('StockTicker', 'async.Stockticker@10650953')
21-Apr-2021 22:39:32.189 INFO [http-nio-9091-exec-8] org.apache.catalina.core.ApplicationContext.log SessionListener: sessionCreated('47EA8BA6658D9275744FC17E63792103')
21-Apr-2021 22:41:17.200 INFO [main] org.apache.catalina.core.ApplicationContext.log SessionListener: contextDestroyed()
21-Apr-2021 22:41:17.200 INFO [main] org.apache.catalina.core.ApplicationContext.log ContextListener: contextDestroyed()
21-Apr-2021 22:44:22.486 INFO [main] org.apache.catalina.core.ApplicationContext.log ContextListener: contextInitialized()
21-Apr-2021 22:44:22.486 INFO [main] org.apache.catalina.core.ApplicationContext.log SessionListener: contextInitialized()
21-Apr-2021 22:44:22.488 INFO [main] org.apache.catalina.core.ApplicationContext.log ContextListener: attributeAdded('StockTicker', 'async.Stockticker@59d2103b')
21-Apr-2021 22:55:42.633 INFO [main] org.apache.catalina.core.ApplicationContext.log ContextListener: contextInitialized()
21-Apr-2021 22:55:42.633 INFO [main] org.apache.catalina.core.ApplicationContext.log SessionListener: contextInitialized()
21-Apr-2021 22:55:42.639 INFO [main] org.apache.catalina.core.ApplicationContext.log ContextListener: attributeAdded('StockTicker', 'async.Stockticker@f6c03cb')
21-Apr-2021 23:03:51.999 INFO [main] org.apache.catalina.core.ApplicationContext.log SessionListener: contextDestroyed()
21-Apr-2021 23:03:51.999 INFO [main] org.apache.catalina.core.ApplicationContext.log ContextListener: contextDestroyed()
21-Apr-2021 23:16:32.237 INFO [main] org.apache.catalina.core.ApplicationContext.log ContextListener: contextInitialized()
21-Apr-2021 23:16:32.238 INFO [main] org.apache.catalina.core.ApplicationContext.log SessionListener: contextInitialized()
21-Apr-2021 23:16:32.240 INFO [main] org.apache.catalina.core.ApplicationContext.log ContextListener: attributeAdded('StockTicker', 'async.Stockticker@2488b073')
21-Apr-2021 23:18:57.249 INFO [main] org.apache.catalina.core.ApplicationContext.log SessionListener: contextDestroyed()
21-Apr-2021 23:18:57.250 INFO [main] org.apache.catalina.core.ApplicationContext.log ContextListener: contextDestroyed()
