25-May-2021 05:47:55.720 INFO [main] org.apache.catalina.core.ApplicationContext.log ContextListener: contextInitialized()
25-May-2021 05:47:55.720 INFO [main] org.apache.catalina.core.ApplicationContext.log SessionListener: contextInitialized()
25-May-2021 05:47:55.721 INFO [main] org.apache.catalina.core.ApplicationContext.log ContextListener: attributeAdded('StockTicker', 'async.Stockticker@6e4de19b')
25-May-2021 06:06:43.697 INFO [main] org.apache.catalina.core.ApplicationContext.log ContextListener: contextInitialized()
25-May-2021 06:06:43.697 INFO [main] org.apache.catalina.core.ApplicationContext.log SessionListener: contextInitialized()
25-May-2021 06:06:43.699 INFO [main] org.apache.catalina.core.ApplicationContext.log ContextListener: attributeAdded('StockTicker', 'async.Stockticker@58e6d4b8')
25-May-2021 06:06:43.778 INFO [main] org.apache.catalina.core.ApplicationContext.log SessionListener: contextDestroyed()
25-May-2021 06:06:43.778 INFO [main] org.apache.catalina.core.ApplicationContext.log ContextListener: contextDestroyed()
25-May-2021 06:08:58.818 INFO [main] org.apache.catalina.core.ApplicationContext.log SessionListener: contextDestroyed()
25-May-2021 06:08:58.818 INFO [main] org.apache.catalina.core.ApplicationContext.log ContextListener: contextDestroyed()
25-May-2021 06:09:29.471 INFO [main] org.apache.catalina.core.ApplicationContext.log ContextListener: contextInitialized()
25-May-2021 06:09:29.471 INFO [main] org.apache.catalina.core.ApplicationContext.log SessionListener: contextInitialized()
25-May-2021 06:09:29.472 INFO [main] org.apache.catalina.core.ApplicationContext.log ContextListener: attributeAdded('StockTicker', 'async.Stockticker@5bf22f18')
25-May-2021 06:10:20.595 SEVERE [http-nio-9091-exec-3] org.apache.catalina.core.StandardWrapperValve.invoke Servlet.service() for servlet [RetrieveServlets] in context with path [/FinalProject] threw exception
	java.io.FileNotFoundException: FinalProject (No such file or directory)
		at java.base/java.io.FileInputStream.open0(Native Method)
		at java.base/java.io.FileInputStream.open(FileInputStream.java:211)
		at java.base/java.io.FileInputStream.<init>(FileInputStream.java:153)
		at java.base/java.io.FileInputStream.<init>(FileInputStream.java:108)
		at java.base/java.io.FileReader.<init>(FileReader.java:60)
		at Retrieve.doPost(Retrieve.java:20)
		at javax.servlet.http.HttpServlet.service(HttpServlet.java:652)
		at javax.servlet.http.HttpServlet.service(HttpServlet.java:733)
		at org.apache.catalina.core.ApplicationFilterChain.internalDoFilter(ApplicationFilterChain.java:227)
		at org.apache.catalina.core.ApplicationFilterChain.doFilter(ApplicationFilterChain.java:162)
		at org.apache.tomcat.websocket.server.WsFilter.doFilter(WsFilter.java:53)
		at org.apache.catalina.core.ApplicationFilterChain.internalDoFilter(ApplicationFilterChain.java:189)
		at org.apache.catalina.core.ApplicationFilterChain.doFilter(ApplicationFilterChain.java:162)
		at org.apache.catalina.core.StandardWrapperValve.invoke(StandardWrapperValve.java:202)
		at org.apache.catalina.core.StandardContextValve.invoke(StandardContextValve.java:97)
		at org.apache.catalina.authenticator.AuthenticatorBase.invoke(AuthenticatorBase.java:542)
		at org.apache.catalina.core.StandardHostValve.invoke(StandardHostValve.java:143)
		at org.apache.catalina.valves.ErrorReportValve.invoke(ErrorReportValve.java:92)
		at org.apache.catalina.valves.AbstractAccessLogValve.invoke(AbstractAccessLogValve.java:687)
		at org.apache.catalina.core.StandardEngineValve.invoke(StandardEngineValve.java:78)
		at org.apache.catalina.connector.CoyoteAdapter.service(CoyoteAdapter.java:357)
		at org.apache.coyote.http11.Http11Processor.service(Http11Processor.java:374)
		at org.apache.coyote.AbstractProcessorLight.process(AbstractProcessorLight.java:65)
		at org.apache.coyote.AbstractProtocol$ConnectionHandler.process(AbstractProtocol.java:893)
		at org.apache.tomcat.util.net.NioEndpoint$SocketProcessor.doRun(NioEndpoint.java:1707)
		at org.apache.tomcat.util.net.SocketProcessorBase.run(SocketProcessorBase.java:49)
		at java.base/java.util.concurrent.ThreadPoolExecutor.runWorker(ThreadPoolExecutor.java:1130)
		at java.base/java.util.concurrent.ThreadPoolExecutor$Worker.run(ThreadPoolExecutor.java:630)
		at org.apache.tomcat.util.threads.TaskThread$WrappingRunnable.run(TaskThread.java:61)
		at java.base/java.lang.Thread.run(Thread.java:832)
25-May-2021 06:13:15.713 INFO [main] org.apache.catalina.core.ApplicationContext.log SessionListener: contextDestroyed()
25-May-2021 06:13:15.713 INFO [main] org.apache.catalina.core.ApplicationContext.log ContextListener: contextDestroyed()
25-May-2021 06:13:19.666 INFO [main] org.apache.catalina.core.ApplicationContext.log ContextListener: contextInitialized()
25-May-2021 06:13:19.666 INFO [main] org.apache.catalina.core.ApplicationContext.log SessionListener: contextInitialized()
25-May-2021 06:13:19.668 INFO [main] org.apache.catalina.core.ApplicationContext.log ContextListener: attributeAdded('StockTicker', 'async.Stockticker@297ea53a')
